#
# There is insufficient memory for the Java Runtime Environment to continue.
# Native memory allocation (malloc) failed to allocate 32744 bytes for ChunkPool::allocate
# Possible reasons:
#   The system is out of physical RAM or swap space
#   The process is running with CompressedOops enabled, and the Java Heap may be blocking the growth of the native heap
# Possible solutions:
#   Reduce memory load on the system
#   Increase physical memory or swap space
#   Check if swap backing store is full
#   Decrease Java heap size (-Xmx/-Xms)
#   Decrease number of Java threads
#   Decrease Java thread stack sizes (-Xss)
#   Set larger code cache with -XX:ReservedCodeCacheSize=
#   JVM is running with Unscaled Compressed Oops mode in which the Java heap is
#     placed in the first 4GB address space. The Java Heap base address is the
#     maximum limit for the native heap growth. Please use -XX:HeapBaseMinAddress
#     to set the Java Heap base and to place the Java Heap above 4GB virtual address.
# This output file may be truncated or incomplete.
#
#  Out of Memory Error (allocation.cpp:272), pid=35056, tid=0x0000000000007c4c
#
# JRE version: OpenJDK Runtime Environment (8.0_242-b01) (build 1.8.0_242-release-1644-b01)
# Java VM: OpenJDK 64-Bit Server VM (25.242-b01 mixed mode windows-amd64 compressed oops)
# Failed to write core dump. Minidumps are not enabled by default on client versions of Windows
#

---------------  T H R E A D  ---------------

Current thread (0x0000000019222800):  JavaThread "C1 CompilerThread3" daemon [_thread_in_native, id=31820, stack(0x0000000019e00000,0x0000000019f00000)]

Stack: [0x0000000019e00000,0x0000000019f00000]
[error occurred during error reporting (printing stack bounds), id 0xc0000005]

Native frames: (J=compiled Java code, j=interpreted, Vv=VM code, C=native code)


Current CompileTask:
C1:   5454 2899       3       org.jetbrains.kotlin.metadata.jvm.JvmProtoBuf$JvmMethodSignature$Builder::buildPartial (65 bytes)


---------------  P R O C E S S  ---------------

Java Threads: ( => current thread )
  0x00000000192b4000 JavaThread "Service Thread" daemon [_thread_blocked, id=22740, stack(0x0000000019f00000,0x000000001a000000)]
=>0x0000000019222800 JavaThread "C1 CompilerThread3" daemon [_thread_in_native, id=31820, stack(0x0000000019e00000,0x0000000019f00000)]
  0x000000001921e800 JavaThread "C2 CompilerThread2" daemon [_thread_in_native, id=21020, stack(0x0000000019d00000,0x0000000019e00000)]
  0x0000000019216000 JavaThread "C2 CompilerThread1" daemon [_thread_in_native, id=25024, stack(0x0000000019c00000,0x0000000019d00000)]
  0x0000000019210800 JavaThread "C2 CompilerThread0" daemon [_thread_in_vm, id=4400, stack(0x0000000019b00000,0x0000000019c00000)]
  0x000000001920f800 JavaThread "Attach Listener" daemon [_thread_blocked, id=31628, stack(0x0000000019a00000,0x0000000019b00000)]
  0x000000001920e000 JavaThread "Signal Dispatcher" daemon [_thread_blocked, id=22372, stack(0x0000000019900000,0x0000000019a00000)]
  0x0000000019201800 JavaThread "Finalizer" daemon [_thread_blocked, id=35808, stack(0x00000000196e0000,0x00000000197e0000)]
  0x0000000002d67000 JavaThread "Reference Handler" daemon [_thread_blocked, id=35748, stack(0x00000000195e0000,0x00000000196e0000)]
  0x0000000002ace000 JavaThread "main" [_thread_in_Java, id=27340, stack(0x0000000002b70000,0x0000000002c70000)]

Other Threads:
  0x0000000017406800 VMThread [stack: 0x00000000190e0000,0x00000000191e0000] [id=33024]
  0x00000000192b4800 WatcherThread [stack: 0x000000001a000000,0x000000001a100000] [id=24680]

VM state:not at safepoint (normal execution)

VM Mutex/Monitor currently owned by a thread: None

heap address: 0x0000000090e00000, size: 1778 MB, Compressed Oops mode: 32-bit
Narrow klass base: 0x0000000000000000, Narrow klass shift: 3
Compressed class space size: 1073741824 Address: 0x0000000100000000

Heap:
 PSYoungGen      total 79360K, used 36704K [0x00000000daf80000, 0x00000000e2280000, 0x0000000100000000)
  eden space 62976K, 58% used [0x00000000daf80000,0x00000000dd358310,0x00000000ded00000)
  from space 16384K, 0% used [0x00000000dfc00000,0x00000000dfc00000,0x00000000e0c00000)
  to   space 15360K, 0% used [0x00000000ded00000,0x00000000ded00000,0x00000000dfc00000)
 ParOldGen       total 62464K, used 16559K [0x0000000090e00000, 0x0000000094b00000, 0x00000000daf80000)
  object space 62464K, 26% used [0x0000000090e00000,0x0000000091e2bc78,0x0000000094b00000)
 Metaspace       used 37821K, capacity 38352K, committed 38832K, reserved 1083392K
  class space    used 4780K, capacity 4917K, committed 5040K, reserved 1048576K

Card table byte_map: [0x0000000012130000,0x00000000124b0000] byte_map_base: 0x0000000011ca9000

Marking Bits: (ParMarkBitMap*) 0x000000006131f030
 Begin Bits: [0x0000000012f10000, 0x0000000014ad8000)
 End Bits:   [0x0000000014ad8000, 0x00000000166a0000)

Polling page: 0x00000000009b0000

CodeCache: size=245760Kb used=9454Kb max_used=9454Kb free=236305Kb
 bounds [0x0000000002d70000, 0x00000000036c0000, 0x0000000011d70000]
 total_blobs=3348 nmethods=2895 adapters=367
 compilation: enabled

Compilation events (10 events):
Event: 5.448 Thread 0x0000000019222800 nmethod 2915 0x00000000036aeb90 code [0x00000000036aed80, 0x00000000036afa78]
Event: 5.449 Thread 0x0000000019222800 2912       3       org.jetbrains.kotlin.metadata.ProtoBuf$TypeParameter::getUpperBoundCount (10 bytes)
Event: 5.449 Thread 0x0000000019222800 nmethod 2912 0x00000000036afdd0 code [0x00000000036aff40, 0x00000000036b0168]
Event: 5.449 Thread 0x0000000019222800 2913       3       org.jetbrains.kotlin.metadata.ProtoBuf$TypeParameter::hasId (16 bytes)
Event: 5.449 Thread 0x0000000019222800 nmethod 2913 0x00000000036b0210 code [0x00000000036b0360, 0x00000000036b0510]
Event: 5.449 Thread 0x0000000019222800 2914       3       org.jetbrains.kotlin.metadata.ProtoBuf$TypeParameter::hasName (16 bytes)
Event: 5.449 Thread 0x0000000019222800 nmethod 2914 0x00000000036b0590 code [0x00000000036b06e0, 0x00000000036b0890]
Event: 5.449 Thread 0x0000000019222800 2898       3       org.jetbrains.kotlin.metadata.jvm.JvmProtoBuf$JvmMethodSignature$Builder::build (19 bytes)
Event: 5.450 Thread 0x0000000019222800 nmethod 2898 0x00000000036b0910 code [0x00000000036b0aa0, 0x00000000036b0f78]
Event: 5.450 Thread 0x0000000019222800 2899       3       org.jetbrains.kotlin.metadata.jvm.JvmProtoBuf$JvmMethodSignature$Builder::buildPartial (65 bytes)

GC Heap History (10 events):
Event: 2.461 GC heap before
{Heap before GC invocations=4 (full 1):
 PSYoungGen      total 33280K, used 4592K [0x00000000daf80000, 0x00000000df080000, 0x0000000100000000)
  eden space 28672K, 0% used [0x00000000daf80000,0x00000000daf80000,0x00000000dcb80000)
  from space 4608K, 99% used [0x00000000dcb80000,0x00000000dcffc010,0x00000000dd000000)
  to   space 4608K, 0% used [0x00000000dec00000,0x00000000dec00000,0x00000000df080000)
 ParOldGen       total 76800K, used 12152K [0x0000000090e00000, 0x0000000095900000, 0x00000000daf80000)
  object space 76800K, 15% used [0x0000000090e00000,0x00000000919de1f0,0x0000000095900000)
 Metaspace       used 20810K, capacity 21240K, committed 21296K, reserved 1069056K
  class space    used 2418K, capacity 2590K, committed 2608K, reserved 1048576K
Event: 2.501 GC heap after
Heap after GC invocations=4 (full 1):
 PSYoungGen      total 33280K, used 0K [0x00000000daf80000, 0x00000000df080000, 0x0000000100000000)
  eden space 28672K, 0% used [0x00000000daf80000,0x00000000daf80000,0x00000000dcb80000)
  from space 4608K, 0% used [0x00000000dcb80000,0x00000000dcb80000,0x00000000dd000000)
  to   space 4608K, 0% used [0x00000000dec00000,0x00000000dec00000,0x00000000df080000)
 ParOldGen       total 62464K, used 10640K [0x0000000090e00000, 0x0000000094b00000, 0x00000000daf80000)
  object space 62464K, 17% used [0x0000000090e00000,0x0000000091864098,0x0000000094b00000)
 Metaspace       used 20810K, capacity 21240K, committed 21296K, reserved 1069056K
  class space    used 2418K, capacity 2590K, committed 2608K, reserved 1048576K
}
Event: 3.139 GC heap before
{Heap before GC invocations=5 (full 1):
 PSYoungGen      total 33280K, used 28672K [0x00000000daf80000, 0x00000000df080000, 0x0000000100000000)
  eden space 28672K, 100% used [0x00000000daf80000,0x00000000dcb80000,0x00000000dcb80000)
  from space 4608K, 0% used [0x00000000dcb80000,0x00000000dcb80000,0x00000000dd000000)
  to   space 4608K, 0% used [0x00000000dec00000,0x00000000dec00000,0x00000000df080000)
 ParOldGen       total 62464K, used 10640K [0x0000000090e00000, 0x0000000094b00000, 0x00000000daf80000)
  object space 62464K, 17% used [0x0000000090e00000,0x0000000091864098,0x0000000094b00000)
 Metaspace       used 24153K, capacity 24688K, committed 24880K, reserved 1071104K
  class space    used 2874K, capacity 3028K, committed 3120K, reserved 1048576K
Event: 3.148 GC heap after
Heap after GC invocations=5 (full 1):
 PSYoungGen      total 46592K, used 4586K [0x00000000daf80000, 0x00000000df080000, 0x0000000100000000)
  eden space 41984K, 0% used [0x00000000daf80000,0x00000000daf80000,0x00000000dd880000)
  from space 4608K, 99% used [0x00000000dec00000,0x00000000df07ab78,0x00000000df080000)
  to   space 4608K, 0% used [0x00000000de780000,0x00000000de780000,0x00000000dec00000)
 ParOldGen       total 62464K, used 12540K [0x0000000090e00000, 0x0000000094b00000, 0x00000000daf80000)
  object space 62464K, 20% used [0x0000000090e00000,0x0000000091a3f378,0x0000000094b00000)
 Metaspace       used 24153K, capacity 24688K, committed 24880K, reserved 1071104K
  class space    used 2874K, capacity 3028K, committed 3120K, reserved 1048576K
}
Event: 4.300 GC heap before
{Heap before GC invocations=6 (full 1):
 PSYoungGen      total 46592K, used 46570K [0x00000000daf80000, 0x00000000df080000, 0x0000000100000000)
  eden space 41984K, 100% used [0x00000000daf80000,0x00000000dd880000,0x00000000dd880000)
  from space 4608K, 99% used [0x00000000dec00000,0x00000000df07ab78,0x00000000df080000)
  to   space 4608K, 0% used [0x00000000de780000,0x00000000de780000,0x00000000dec00000)
 ParOldGen       total 62464K, used 12540K [0x0000000090e00000, 0x0000000094b00000, 0x00000000daf80000)
  object space 62464K, 20% used [0x0000000090e00000,0x0000000091a3f378,0x0000000094b00000)
 Metaspace       used 31835K, capacity 32342K, committed 32688K, reserved 1077248K
  class space    used 4021K, capacity 4187K, committed 4272K, reserved 1048576K
Event: 4.319 GC heap after
Heap after GC invocations=6 (full 1):
 PSYoungGen      total 61952K, used 4579K [0x00000000daf80000, 0x00000000e0c00000, 0x0000000100000000)
  eden space 57344K, 0% used [0x00000000daf80000,0x00000000daf80000,0x00000000de780000)
  from space 4608K, 99% used [0x00000000de780000,0x00000000debf8c70,0x00000000dec00000)
  to   space 16384K, 0% used [0x00000000dfc00000,0x00000000dfc00000,0x00000000e0c00000)
 ParOldGen       total 62464K, used 23510K [0x0000000090e00000, 0x0000000094b00000, 0x00000000daf80000)
  object space 62464K, 37% used [0x0000000090e00000,0x00000000924f5b20,0x0000000094b00000)
 Metaspace       used 31835K, capacity 32342K, committed 32688K, reserved 1077248K
  class space    used 4021K, capacity 4187K, committed 4272K, reserved 1048576K
}
Event: 4.732 GC heap before
{Heap before GC invocations=7 (full 1):
 PSYoungGen      total 61952K, used 19317K [0x00000000daf80000, 0x00000000e0c00000, 0x0000000100000000)
  eden space 57344K, 25% used [0x00000000daf80000,0x00000000dbde47f0,0x00000000de780000)
  from space 4608K, 99% used [0x00000000de780000,0x00000000debf8c70,0x00000000dec00000)
  to   space 16384K, 0% used [0x00000000dfc00000,0x00000000dfc00000,0x00000000e0c00000)
 ParOldGen       total 62464K, used 23510K [0x0000000090e00000, 0x0000000094b00000, 0x00000000daf80000)
  object space 62464K, 37% used [0x0000000090e00000,0x00000000924f5b20,0x0000000094b00000)
 Metaspace       used 34649K, capacity 35194K, committed 35496K, reserved 1081344K
  class space    used 4427K, capacity 4579K, committed 4656K, reserved 1048576K
Event: 4.743 GC heap after
Heap after GC invocations=7 (full 1):
 PSYoungGen      total 79360K, used 8196K [0x00000000daf80000, 0x00000000e2280000, 0x0000000100000000)
  eden space 62976K, 0% used [0x00000000daf80000,0x00000000daf80000,0x00000000ded00000)
  from space 16384K, 50% used [0x00000000dfc00000,0x00000000e04011c0,0x00000000e0c00000)
  to   space 15360K, 0% used [0x00000000ded00000,0x00000000ded00000,0x00000000dfc00000)
 ParOldGen       total 62464K, used 23518K [0x0000000090e00000, 0x0000000094b00000, 0x00000000daf80000)
  object space 62464K, 37% used [0x0000000090e00000,0x00000000924f7b20,0x0000000094b00000)
 Metaspace       used 34649K, capacity 35194K, committed 35496K, reserved 1081344K
  class space    used 4427K, capacity 4579K, committed 4656K, reserved 1048576K
}
Event: 4.743 GC heap before
{Heap before GC invocations=8 (full 2):
 PSYoungGen      total 79360K, used 8196K [0x00000000daf80000, 0x00000000e2280000, 0x0000000100000000)
  eden space 62976K, 0% used [0x00000000daf80000,0x00000000daf80000,0x00000000ded00000)
  from space 16384K, 50% used [0x00000000dfc00000,0x00000000e04011c0,0x00000000e0c00000)
  to   space 15360K, 0% used [0x00000000ded00000,0x00000000ded00000,0x00000000dfc00000)
 ParOldGen       total 62464K, used 23518K [0x0000000090e00000, 0x0000000094b00000, 0x00000000daf80000)
  object space 62464K, 37% used [0x0000000090e00000,0x00000000924f7b20,0x0000000094b00000)
 Metaspace       used 34649K, capacity 35194K, committed 35496K, reserved 1081344K
  class space    used 4427K, capacity 4579K, committed 4656K, reserved 1048576K
Event: 4.823 GC heap after
Heap after GC invocations=8 (full 2):
 PSYoungGen      total 79360K, used 0K [0x00000000daf80000, 0x00000000e2280000, 0x0000000100000000)
  eden space 62976K, 0% used [0x00000000daf80000,0x00000000daf80000,0x00000000ded00000)
  from space 16384K, 0% used [0x00000000dfc00000,0x00000000dfc00000,0x00000000e0c00000)
  to   space 15360K, 0% used [0x00000000ded00000,0x00000000ded00000,0x00000000dfc00000)
 ParOldGen       total 62464K, used 16559K [0x0000000090e00000, 0x0000000094b00000, 0x00000000daf80000)
  object space 62464K, 26% used [0x0000000090e00000,0x0000000091e2bc78,0x0000000094b00000)
 Metaspace       used 34649K, capacity 35194K, committed 35496K, reserved 1081344K
  class space    used 4427K, capacity 4579K, committed 4656K, reserved 1048576K
}

Deoptimization events (10 events):
Event: 4.541 Thread 0x0000000002ace000 Uncommon trap: reason=class_check action=maybe_recompile pc=0x0000000003286c74 method=org.jetbrains.kotlin.com.intellij.util.text.ByteArrayCharSequence.toBytesIfPossible(Ljava/lang/CharSequence;)[B @ 25
Event: 5.140 Thread 0x0000000002ace000 Uncommon trap: reason=unstable_if action=reinterpret pc=0x0000000003509c60 method=java.text.StringCharacterIterator.current()C @ 19
Event: 5.215 Thread 0x0000000002ace000 Uncommon trap: reason=unstable_if action=reinterpret pc=0x0000000003067a24 method=java.lang.Integer.valueOf(I)Ljava/lang/Integer; @ 3
Event: 5.244 Thread 0x0000000002ace000 Uncommon trap: reason=bimorphic action=maybe_recompile pc=0x000000000333a764 method=org.jetbrains.kotlin.protobuf.CodedInputStream.tryRefillBuffer(I)Z @ 177
Event: 5.249 Thread 0x0000000002ace000 Uncommon trap: reason=bimorphic action=maybe_recompile pc=0x000000000333a764 method=org.jetbrains.kotlin.protobuf.CodedInputStream.tryRefillBuffer(I)Z @ 177
Event: 5.257 Thread 0x0000000002ace000 Uncommon trap: reason=unstable_if action=reinterpret pc=0x000000000358354c method=org.jetbrains.org.objectweb.asm.ClassReader.readUtf(II[C)Ljava/lang/String; @ 41
Event: 5.259 Thread 0x0000000002ace000 Uncommon trap: reason=unstable_if action=reinterpret pc=0x000000000356b4d8 method=org.jetbrains.org.objectweb.asm.ClassReader.readUtf(II[C)Ljava/lang/String; @ 41
Event: 5.260 Thread 0x0000000002ace000 Uncommon trap: reason=unstable_if action=reinterpret pc=0x0000000003537804 method=org.jetbrains.org.objectweb.asm.ClassReader.readUtf(II[C)Ljava/lang/String; @ 41
Event: 5.287 Thread 0x0000000002ace000 Uncommon trap: reason=bimorphic action=maybe_recompile pc=0x000000000333a764 method=org.jetbrains.kotlin.protobuf.CodedInputStream.tryRefillBuffer(I)Z @ 177
Event: 5.290 Thread 0x0000000002ace000 Uncommon trap: reason=bimorphic action=maybe_recompile pc=0x000000000333a764 method=org.jetbrains.kotlin.protobuf.CodedInputStream.tryRefillBuffer(I)Z @ 177

Classes redefined (0 events):
No events

Internal exceptions (10 events):
Event: 1.990 Thread 0x0000000002ace000 Exception <a 'java/lang/NoSuchMethodError': java.lang.Object.lambda$comparing$77a9974f$1(Ljava/util/function/Function;Ljava/lang/Object;Ljava/lang/Object;)I> (0x00000000dbb5e458) thrown at [C:\src\AOSP-openjdk-git\hotspot\src\share\vm\interpreter\linkReso
Event: 2.015 Thread 0x0000000002ace000 Exception <a 'java/lang/NoSuchMethodError': java.lang.Object.lambda$static$0()J> (0x00000000dbc62b60) thrown at [C:\src\AOSP-openjdk-git\hotspot\src\share\vm\interpreter\linkResolver.cpp, line 620]
Event: 2.282 Thread 0x0000000002ace000 Exception <a 'java/lang/NoSuchMethodError': java.lang.Object.lambda$static$0(I)[Lorg/jetbrains/kotlin/com/intellij/openapi/editor/event/DocumentListener;> (0x00000000dc3b3e68) thrown at [C:\src\AOSP-openjdk-git\hotspot\src\share\vm\interpreter\linkResolve
Event: 2.336 Thread 0x0000000002ace000 Exception <a 'java/lang/NoSuchMethodError': java.lang.Object.lambda$static$0(I)[Lorg/jetbrains/kotlin/com/intellij/psi/PsiAnnotation;> (0x00000000dc5d31b0) thrown at [C:\src\AOSP-openjdk-git\hotspot\src\share\vm\interpreter\linkResolver.cpp, line 620]
Event: 2.523 Thread 0x0000000002ace000 Exception <a 'java/lang/NoSuchMethodError': java.lang.Object.lambda$static$0(I)[Lorg/jetbrains/kotlin/com/intellij/psi/PsiElement;> (0x00000000db05ee10) thrown at [C:\src\AOSP-openjdk-git\hotspot\src\share\vm\interpreter\linkResolver.cpp, line 620]
Event: 3.735 Thread 0x0000000002ace000 Exception <a 'java/lang/ArrayIndexOutOfBoundsException': 126> (0x00000000dbfd2828) thrown at [C:\src\AOSP-openjdk-git\hotspot\src\share\vm\interpreter\interpreterRuntime.cpp, line 368]
Event: 3.735 Thread 0x0000000002ace000 Exception <a 'java/lang/ArrayIndexOutOfBoundsException': 86> (0x00000000dbfd3cb0) thrown at [C:\src\AOSP-openjdk-git\hotspot\src\share\vm\interpreter\interpreterRuntime.cpp, line 368]
Event: 4.729 Thread 0x0000000002ace000 Exception <a 'java/lang/NoSuchMethodError': java.lang.Object.lambda$static$0(I)[Lorg/jetbrains/kotlin/psi/KtExpression;> (0x00000000dbd9c140) thrown at [C:\src\AOSP-openjdk-git\hotspot\src\share\vm\interpreter\linkResolver.cpp, line 620]
Event: 4.893 Thread 0x0000000002ace000 Exception <a 'java/lang/NoSuchMethodError': java.lang.Object.lambda$static$0(I)[Lorg/jetbrains/kotlin/psi/KtDeclaration;> (0x00000000db23bdb8) thrown at [C:\src\AOSP-openjdk-git\hotspot\src\share\vm\interpreter\linkResolver.cpp, line 620]
Event: 4.931 Thread 0x0000000002ace000 Exception <a 'java/lang/NoSuchMethodError': java.lang.Object.lambda$static$0(I)[Lorg/jetbrains/kotlin/psi/KtTypeElement;> (0x00000000db3bd1a0) thrown at [C:\src\AOSP-openjdk-git\hotspot\src\share\vm\interpreter\linkResolver.cpp, line 620]

Events (10 events):
Event: 5.332 loading class org/jetbrains/kotlin/types/AbstractTypeConstructor$supertypes$3$2
Event: 5.332 loading class org/jetbrains/kotlin/types/AbstractTypeConstructor$supertypes$3$2 done
Event: 5.332 loading class org/jetbrains/kotlin/types/AbstractTypeConstructor$supertypes$3$3
Event: 5.332 loading class org/jetbrains/kotlin/types/AbstractTypeConstructor$supertypes$3$3 done
Event: 5.336 loading class org/jetbrains/kotlin/utils/SmartList$SingletonIterator
Event: 5.336 loading class org/jetbrains/kotlin/utils/SmartList$SingletonIterator done
Event: 5.336 loading class org/jetbrains/kotlin/utils/SmartList$SingletonIteratorBase
Event: 5.336 loading class org/jetbrains/kotlin/utils/SmartList$SingletonIteratorBase done
Event: 5.424 loading class org/jetbrains/kotlin/metadata/ProtoBuf$1
Event: 5.424 loading class org/jetbrains/kotlin/metadata/ProtoBuf$1 done


Dynamic libraries:
0x00007ff7ef5f0000 - 0x00007ff7ef621000 	C:\Program Files\Android\Android Studio\jre\jre\bin\java.exe
0x00007ffd5ab20000 - 0x00007ffd5ad10000 	C:\Windows\SYSTEM32\ntdll.dll
0x00007ffd59cb0000 - 0x00007ffd59d62000 	C:\Windows\System32\KERNEL32.DLL
0x00007ffd580b0000 - 0x00007ffd58355000 	C:\Windows\System32\KERNELBASE.dll
0x00007ffd5aa30000 - 0x00007ffd5aad3000 	C:\Windows\System32\ADVAPI32.dll
0x00007ffd598b0000 - 0x00007ffd5994e000 	C:\Windows\System32\msvcrt.dll
0x00007ffd59c10000 - 0x00007ffd59ca7000 	C:\Windows\System32\sechost.dll
0x00007ffd5a030000 - 0x00007ffd5a150000 	C:\Windows\System32\RPCRT4.dll
0x00007ffd58f10000 - 0x00007ffd590a5000 	C:\Windows\System32\USER32.dll
0x00007ffd57ed0000 - 0x00007ffd57ef1000 	C:\Windows\System32\win32u.dll
0x00007ffd59be0000 - 0x00007ffd59c06000 	C:\Windows\System32\GDI32.dll
0x00007ffd57ad0000 - 0x00007ffd57c66000 	C:\Windows\System32\gdi32full.dll
0x00007ffd583b0000 - 0x00007ffd5844e000 	C:\Windows\System32\msvcp_win.dll
0x00007ffd57f00000 - 0x00007ffd57ffa000 	C:\Windows\System32\ucrtbase.dll
0x00007ffd4e6d0000 - 0x00007ffd4e954000 	C:\Windows\WinSxS\amd64_microsoft.windows.common-controls_6595b64144ccf1df_6.0.18362.1082_none_9e8193e1e45b25c1\COMCTL32.dll
0x00007ffd58bd0000 - 0x00007ffd58f05000 	C:\Windows\System32\combase.dll
0x00007ffd58000000 - 0x00007ffd58080000 	C:\Windows\System32\bcryptPrimitives.dll
0x00007ffd5a150000 - 0x00007ffd5a17e000 	C:\Windows\System32\IMM32.DLL
0x0000000060000000 - 0x00000000600d2000 	C:\Program Files\Android\Android Studio\jre\jre\bin\msvcr100.dll
0x0000000060b50000 - 0x000000006139b000 	C:\Program Files\Android\Android Studio\jre\jre\bin\server\jvm.dll
0x00007ffd5a020000 - 0x00007ffd5a028000 	C:\Windows\System32\PSAPI.DLL
0x00007ffd41a30000 - 0x00007ffd41a54000 	C:\Windows\SYSTEM32\WINMM.dll
0x00007ffd49fe0000 - 0x00007ffd49fea000 	C:\Windows\SYSTEM32\VERSION.dll
0x00007ffd50b10000 - 0x00007ffd50b19000 	C:\Windows\SYSTEM32\WSOCK32.dll
0x00007ffd59b70000 - 0x00007ffd59bdf000 	C:\Windows\System32\WS2_32.dll
0x00007ffd49040000 - 0x00007ffd4906d000 	C:\Windows\SYSTEM32\WINMMBASE.dll
0x00007ffd58360000 - 0x00007ffd583aa000 	C:\Windows\System32\cfgmgr32.dll
0x00007ffd4f430000 - 0x00007ffd4f43f000 	C:\Program Files\Android\Android Studio\jre\jre\bin\verify.dll
0x00007ffd42e60000 - 0x00007ffd42e89000 	C:\Program Files\Android\Android Studio\jre\jre\bin\java.dll
0x00007ffd42fe0000 - 0x00007ffd42ff6000 	C:\Program Files\Android\Android Studio\jre\jre\bin\zip.dll
0x00007ffd5a2c0000 - 0x00007ffd5a9a7000 	C:\Windows\System32\SHELL32.dll
0x00007ffd59750000 - 0x00007ffd597f9000 	C:\Windows\System32\shcore.dll
0x00007ffd58450000 - 0x00007ffd58bd0000 	C:\Windows\System32\windows.storage.dll
0x00007ffd57a80000 - 0x00007ffd57aa3000 	C:\Windows\System32\profapi.dll
0x00007ffd579f0000 - 0x00007ffd57a3a000 	C:\Windows\System32\powrprof.dll
0x00007ffd579e0000 - 0x00007ffd579f0000 	C:\Windows\System32\UMPDC.dll
0x00007ffd59110000 - 0x00007ffd59162000 	C:\Windows\System32\shlwapi.dll
0x00007ffd57a40000 - 0x00007ffd57a51000 	C:\Windows\System32\kernel.appcore.dll
0x00007ffd57ab0000 - 0x00007ffd57ac7000 	C:\Windows\System32\cryptsp.dll
0x00007ffd41ad0000 - 0x00007ffd41aea000 	C:\Program Files\Android\Android Studio\jre\jre\bin\net.dll
0x00007ffd571d0000 - 0x00007ffd57237000 	C:\Windows\system32\mswsock.dll
0x00007ffd40e70000 - 0x00007ffd40e83000 	C:\Program Files\Android\Android Studio\jre\jre\bin\nio.dll

VM Arguments:
java_command: org.jetbrains.kotlin.cli.jvm.K2JVMCompiler @D:\workspace\AndroidStudioProjects\NetworkLR-old\app\build\20201017_6355401885473853820.compiler.options
java_class_path (initial): C:\Users\Mariem\.gradle\caches\modules-2\files-2.1\org.jetbrains.kotlin\kotlin-compiler-embeddable\1.4.0\e5f0d669a77787ccbccd49c71b57bfd7b35faec4\kotlin-compiler-embeddable-1.4.0.jar;C:\Users\Mariem\.gradle\caches\modules-2\files-2.1\org.jetbrains.kotlin\kotlin-reflect\1.4.0\aa2101a19d8688e368ae6e35e8967550ced73884\kotlin-reflect-1.4.0.jar;C:\Users\Mariem\.gradle\caches\modules-2\files-2.1\org.jetbrains.kotlin\kotlin-stdlib\1.4.0\63e75298e93d4ae0b299bb869cf0c627196f8843\kotlin-stdlib-1.4.0.jar;C:\Users\Mariem\.gradle\caches\modules-2\files-2.1\org.jetbrains.kotlin\kotlin-script-runtime\1.4.0\52ac54a56c9121f54fcca387c5a0f441d1af9be8\kotlin-script-runtime-1.4.0.jar;C:\Users\Mariem\.gradle\caches\modules-2\files-2.1\org.jetbrains.kotlin\kotlin-daemon-embeddable\1.4.0\633873c93bba12bcf764e1cf8fb36baa5501b8ff\kotlin-daemon-embeddable-1.4.0.jar;C:\Users\Mariem\.gradle\caches\modules-2\files-2.1\org.jetbrains.intellij.deps\trove4j\1.0.20181211\216c2e14b070f334479d800987affe4054cd563f\trove4j-1.0.20181211.jar;C:\Users\Mariem\.gradle\caches\modules-2\files-2.1\org.jetbrains.kotlin\kotlin-stdlib-common\1.4.0\1c752cce0ead8d504ccc88a4fed6471fd83ab0dd\kotlin-stdlib-common-1.4.0.jar;C:\Users\Mariem\.gradle\caches\modules-2\files-2.1\org.jetbrains\annotations\13.0\919f0dfe192fb4e063e7dacadee7f8bb9a2672a9\annotations-13.0.jar;C:\Program Files\Android\Android Studio\jre\lib\tools.jar
Launcher Type: SUN_STANDARD

Environment Variables:
JAVA_HOME=C:\Program Files\Java\jdk1.8.0_261
PATH=C:\Program Files (x86)\Common Files\Oracle\Java\javapath;C:\Windows\system32;C:\Windows;C:\Windows\System32\Wbem;C:\Windows\System32\WindowsPowerShell\v1.0\;C:\Windows\System32\OpenSSH\;C:\Program Files\Git\cmd;C:\Program Files\Java\jdk1.8.0_261;C:\Program Files\apache-maven-3.6.3\bin;C:\Users\Mariem\AppData\Local\Microsoft\WindowsApps;
USERNAME=Mariem
OS=Windows_NT
PROCESSOR_IDENTIFIER=AMD64 Family 23 Model 24 Stepping 1, AuthenticAMD



---------------  S Y S T E M  ---------------

OS: Windows 10.0 , 64 bit Build 18362 (10.0.18362.1082)

CPU:total 8 (initial active 8) (8 cores per cpu, 1 threads per core) family 23 model 24 stepping 1, cmov, cx8, fxsr, mmx, sse, sse2, sse3, ssse3, sse4.1, sse4.2, popcnt, avx, avx2, aes, clmul, mmxext, 3dnowpref, lzcnt, sse4a, tsc, tscinvbit, tscinv, bmi1

Memory: 4k page, physical 7275532k(330856k free), swap 23004168k(2968k free)

vm_info: OpenJDK 64-Bit Server VM (25.242-b01) for windows-amd64 JRE (1.8.0_242-release-1644-b01), built by "builder" with MS VC++ 10.0 (VS2010)

time: Sat Oct 17 17:37:54 2020
timezone: Paris, Madrid (heure d’été)
elapsed time: 5 seconds (0d 0h 0m 5s)

