#
# There is insufficient memory for the Java Runtime Environment to continue.
# Native memory allocation (malloc) failed to allocate 32744 bytes for ChunkPool::allocate
# Possible reasons:
#   The system is out of physical RAM or swap space
#   The process is running with CompressedOops enabled, and the Java Heap may be blocking the growth of the native heap
# Possible solutions:
#   Reduce memory load on the system
#   Increase physical memory or swap space
#   Check if swap backing store is full
#   Decrease Java heap size (-Xmx/-Xms)
#   Decrease number of Java threads
#   Decrease Java thread stack sizes (-Xss)
#   Set larger code cache with -XX:ReservedCodeCacheSize=
#   JVM is running with Unscaled Compressed Oops mode in which the Java heap is
#     placed in the first 4GB address space. The Java Heap base address is the
#     maximum limit for the native heap growth. Please use -XX:HeapBaseMinAddress
#     to set the Java Heap base and to place the Java Heap above 4GB virtual address.
# This output file may be truncated or incomplete.
#
#  Out of Memory Error (allocation.cpp:272), pid=24740, tid=0x000000000000710c
#
# JRE version: OpenJDK Runtime Environment (8.0_242-b01) (build 1.8.0_242-release-1644-b01)
# Java VM: OpenJDK 64-Bit Server VM (25.242-b01 mixed mode windows-amd64 compressed oops)
# Failed to write core dump. Minidumps are not enabled by default on client versions of Windows
#

---------------  T H R E A D  ---------------

Current thread (0x0000000019ce0800):  JavaThread "C2 CompilerThread2" daemon [_thread_in_native, id=28940, stack(0x000000001a7c0000,0x000000001a8c0000)]

Stack: [0x000000001a7c0000,0x000000001a8c0000]
[error occurred during error reporting (printing stack bounds), id 0xc0000005]

Native frames: (J=compiled Java code, j=interpreted, Vv=VM code, C=native code)


Current CompileTask:
C2:  68770 10241 %     4       com.android.tools.r8.B.a.a.f::a @ 1743 (3630 bytes)


---------------  P R O C E S S  ---------------

Java Threads: ( => current thread )
  0x000000001b9c7800 JavaThread "WorkerExecutor Queue Thread 9" [_thread_blocked, id=7716, stack(0x000000002cc40000,0x000000002cd40000)]
  0x000000001b9c7000 JavaThread "WorkerExecutor Queue Thread 8" [_thread_in_Java, id=19172, stack(0x000000002cb40000,0x000000002cc40000)]
  0x000000001b9c6000 JavaThread "WorkerExecutor Queue Thread 7" [_thread_in_Java, id=5356, stack(0x000000002ca40000,0x000000002cb40000)]
  0x000000001b9c4000 JavaThread "WorkerExecutor Queue Thread 6" [_thread_blocked, id=2952, stack(0x000000002c940000,0x000000002ca40000)]
  0x000000001b9c5800 JavaThread "WorkerExecutor Queue Thread 5" [_thread_blocked, id=32016, stack(0x000000002c840000,0x000000002c940000)]
  0x000000001b9bb800 JavaThread "WorkerExecutor Queue Thread 4" [_thread_blocked, id=33080, stack(0x000000002c740000,0x000000002c840000)]
  0x000000001b9c1800 JavaThread "WorkerExecutor Queue Thread 3" [_thread_blocked, id=10776, stack(0x000000002c640000,0x000000002c740000)]
  0x000000001b9c2800 JavaThread "WorkerExecutor Queue Thread 2" [_thread_blocked, id=24236, stack(0x000000002c540000,0x000000002c640000)]
  0x000000001b9ba800 JavaThread "WorkerExecutor Queue" [_thread_in_native, id=26612, stack(0x000000002a4a0000,0x000000002a5a0000)]
  0x000000001b9bd000 JavaThread "ForkJoinPool.commonPool-worker-7" daemon [_thread_blocked, id=32672, stack(0x00000000291d0000,0x00000000292d0000)]
  0x000000001b9ba000 JavaThread "ForkJoinPool.commonPool-worker-6" daemon [_thread_blocked, id=3256, stack(0x00000000290d0000,0x00000000291d0000)]
  0x000000001b9c0000 JavaThread "ForkJoinPool.commonPool-worker-5" daemon [_thread_blocked, id=31276, stack(0x00000000289d0000,0x0000000028ad0000)]
  0x000000001b9bf000 JavaThread "ForkJoinPool.commonPool-worker-3" daemon [_thread_blocked, id=25216, stack(0x000000001e410000,0x000000001e510000)]
  0x000000001b9be800 JavaThread "ForkJoinPool.commonPool-worker-4" daemon [_thread_blocked, id=20784, stack(0x0000000001160000,0x0000000001260000)]
  0x000000001b9c0800 JavaThread "ForkJoinPool.commonPool-worker-1" daemon [_thread_blocked, id=31776, stack(0x0000000000e00000,0x0000000000f00000)]
  0x0000000020ba0000 JavaThread "RMI TCP Connection(1)-127.0.0.1" daemon [_thread_in_native, id=15176, stack(0x0000000028fd0000,0x00000000290d0000)]
  0x0000000020b9f000 JavaThread "RMI Reaper" [_thread_blocked, id=31492, stack(0x0000000028ed0000,0x0000000028fd0000)]
  0x0000000020b9e800 JavaThread "RMI TCP Accept-0" daemon [_thread_in_native, id=27036, stack(0x0000000028dd0000,0x0000000028ed0000)]
  0x0000000020b9d000 JavaThread "GC Daemon" daemon [_thread_blocked, id=23592, stack(0x0000000028ad0000,0x0000000028bd0000)]
  0x0000000020b9d800 JavaThread "RMI Scheduler(0)" daemon [_thread_blocked, id=3020, stack(0x00000000288d0000,0x00000000289d0000)]
  0x0000000020b9b800 JavaThread "Cache worker for execution history cache (D:\workspace\AndroidStudioProjects\NetworkLR-old\.gradle\6.1.1\executionHistory)" [_thread_blocked, id=30944, stack(0x0000000027fd0000,0x00000000280d0000)]
  0x0000000020b94000 JavaThread "Execution worker for ':' Thread 7" [_thread_in_vm, id=35340, stack(0x0000000027cd0000,0x0000000027dd0000)]
  0x0000000020b99000 JavaThread "Execution worker for ':' Thread 6" [_thread_in_Java, id=33180, stack(0x0000000027bd0000,0x0000000027cd0000)]
  0x0000000020b94800 JavaThread "Execution worker for ':' Thread 5" [_thread_in_vm, id=34768, stack(0x0000000027ad0000,0x0000000027bd0000)]
  0x0000000020b9a000 JavaThread "Execution worker for ':' Thread 4" [_thread_in_Java, id=1904, stack(0x00000000279d0000,0x0000000027ad0000)]
  0x0000000020b9a800 JavaThread "Execution worker for ':' Thread 3" [_thread_blocked, id=8832, stack(0x0000000027620000,0x0000000027720000)]
  0x0000000020b92800 JavaThread "Execution worker for ':' Thread 2" [_thread_blocked, id=35756, stack(0x0000000027520000,0x0000000027620000)]
  0x0000000020b98800 JavaThread "Execution worker for ':'" [_thread_blocked, id=20788, stack(0x0000000026410000,0x0000000026510000)]
  0x0000000020b96000 JavaThread "Cache worker for file content cache (D:\workspace\AndroidStudioProjects\NetworkLR-old\.gradle\6.1.1\fileContent)" [_thread_blocked, id=20716, stack(0x0000000025040000,0x0000000025140000)]
  0x0000000020b97000 JavaThread "Cache worker for file content cache (C:\Users\Mariem\.gradle\caches\6.1.1\fileContent)" [_thread_blocked, id=33120, stack(0x0000000024f40000,0x0000000025040000)]
  0x0000000020b93000 JavaThread "Memory manager" [_thread_blocked, id=244, stack(0x0000000023f50000,0x0000000024050000)]
  0x000000001cdf4800 JavaThread "Cache worker for Build Output Cleanup Cache (D:\workspace\AndroidStudioProjects\NetworkLR-old\.gradle\buildOutputCleanup)" [_thread_blocked, id=33852, stack(0x0000000023e50000,0x0000000023f50000)]
  0x000000001cdf5800 JavaThread "Build operations Thread 8" [_thread_blocked, id=34956, stack(0x0000000023950000,0x0000000023a50000)]
  0x000000001cdf2800 JavaThread "Build operations Thread 7" [_thread_blocked, id=27340, stack(0x0000000023850000,0x0000000023950000)]
  0x000000001cdf7800 JavaThread "Build operations Thread 6" [_thread_blocked, id=10144, stack(0x0000000023750000,0x0000000023850000)]
  0x000000001cdeb000 JavaThread "Build operations Thread 5" [_thread_blocked, id=12404, stack(0x0000000023650000,0x0000000023750000)]
  0x000000001cdf1800 JavaThread "Build operations Thread 4" [_thread_blocked, id=26652, stack(0x0000000023550000,0x0000000023650000)]
  0x000000001cdf1000 JavaThread "Build operations Thread 3" [_thread_blocked, id=33488, stack(0x0000000023450000,0x0000000023550000)]
  0x000000001cde9800 JavaThread "Build operations Thread 2" [_thread_blocked, id=14960, stack(0x0000000023350000,0x0000000023450000)]
  0x000000001cdea000 JavaThread "Build operations" [_thread_blocked, id=24104, stack(0x0000000023250000,0x0000000023350000)]
  0x0000000019ce6800 JavaThread "Cache worker for execution history cache (C:\Users\Mariem\.gradle\caches\6.1.1\executionHistory)" [_thread_blocked, id=23320, stack(0x0000000021500000,0x0000000021600000)]
  0x0000000019ce0000 JavaThread "Cache worker for cache directory md-rule (C:\Users\Mariem\.gradle\caches\6.1.1\md-rule)" [_thread_blocked, id=31716, stack(0x0000000021400000,0x0000000021500000)]
  0x0000000019ce5000 JavaThread "Cache worker for cache directory md-supplier (C:\Users\Mariem\.gradle\caches\6.1.1\md-supplier)" [_thread_blocked, id=22740, stack(0x0000000020eb0000,0x0000000020fb0000)]
  0x0000000019ce4800 JavaThread "Cache worker for file hash cache (D:\workspace\AndroidStudioProjects\NetworkLR-old\.gradle\6.1.1\fileHashes)" [_thread_blocked, id=33024, stack(0x0000000020db0000,0x0000000020eb0000)]
  0x0000000019ce3800 JavaThread "Cache worker for checksums cache (D:\workspace\AndroidStudioProjects\NetworkLR-old\.gradle\checksums)" [_thread_blocked, id=4400, stack(0x0000000020cb0000,0x0000000020db0000)]
  0x0000000019ce1800 JavaThread "Cache worker for file hash cache (C:\Users\Mariem\.gradle\caches\6.1.1\fileHashes)" [_thread_blocked, id=25024, stack(0x000000001ea10000,0x000000001eb10000)]
  0x0000000019ce3000 JavaThread "File lock request listener" [_thread_in_native, id=31628, stack(0x000000001e910000,0x000000001ea10000)]
  0x000000001c8a4800 JavaThread "Cache worker for journal cache (C:\Users\Mariem\.gradle\caches\journal-1)" [_thread_blocked, id=21020, stack(0x000000001e810000,0x000000001e910000)]
  0x000000001c6be800 JavaThread "Thread-9" [_thread_blocked, id=22372, stack(0x000000001e510000,0x000000001e610000)]
  0x000000001c6f2800 JavaThread "Asynchronous log dispatcher for DefaultDaemonConnection: socket connection from /127.0.0.1:49536 to /127.0.0.1:49537" [_thread_blocked, id=35748, stack(0x000000001e310000,0x000000001e410000)]
  0x000000001c699000 JavaThread "Daemon worker" [_thread_in_Java, id=16112, stack(0x000000001e210000,0x000000001e310000)]
  0x000000001c693000 JavaThread "Cancel handler" [_thread_blocked, id=26748, stack(0x000000001e110000,0x000000001e210000)]
  0x000000001c67a000 JavaThread "Handler for socket connection from /127.0.0.1:49536 to /127.0.0.1:49537" [_thread_in_native, id=25460, stack(0x000000001de10000,0x000000001df10000)]
  0x000000001c678800 JavaThread "Daemon" [_thread_blocked, id=35424, stack(0x000000001dd10000,0x000000001de10000)]
  0x000000001c66a000 JavaThread "Daemon periodic checks" [_thread_blocked, id=31704, stack(0x000000001dc10000,0x000000001dd10000)]
  0x000000001c611000 JavaThread "Incoming local TCP Connector on port 49536" [_thread_in_native, id=2584, stack(0x000000001d9a0000,0x000000001daa0000)]
  0x000000001c582800 JavaThread "Daemon health stats" [_thread_blocked, id=35456, stack(0x000000001d360000,0x000000001d460000)]
  0x0000000019d7c000 JavaThread "Service Thread" daemon [_thread_blocked, id=22872, stack(0x000000001a9c0000,0x000000001aac0000)]
  0x0000000019ce6000 JavaThread "C1 CompilerThread3" daemon [_thread_in_native, id=27612, stack(0x000000001a8c0000,0x000000001a9c0000)]
=>0x0000000019ce0800 JavaThread "C2 CompilerThread2" daemon [_thread_in_native, id=28940, stack(0x000000001a7c0000,0x000000001a8c0000)]
  0x0000000019cd2800 JavaThread "C2 CompilerThread1" daemon [_thread_in_native, id=21492, stack(0x000000001a6c0000,0x000000001a7c0000)]
  0x0000000019cd1800 JavaThread "C2 CompilerThread0" daemon [_thread_in_native, id=31436, stack(0x000000001a5c0000,0x000000001a6c0000)]
  0x0000000019cd0000 JavaThread "Attach Listener" daemon [_thread_blocked, id=22724, stack(0x000000001a4c0000,0x000000001a5c0000)]
  0x0000000019ccf800 JavaThread "Signal Dispatcher" daemon [_thread_blocked, id=27908, stack(0x000000001a3c0000,0x000000001a4c0000)]
  0x0000000019cc0800 JavaThread "Finalizer" daemon [_thread_blocked, id=20960, stack(0x000000001a1a0000,0x000000001a2a0000)]
  0x0000000002e38000 JavaThread "Reference Handler" daemon [_thread_blocked, id=22440, stack(0x000000001a0a0000,0x000000001a1a0000)]
  0x0000000002d3e000 JavaThread "main" [_thread_blocked, id=32856, stack(0x0000000002b40000,0x0000000002c40000)]

Other Threads:
  0x0000000017ea6000 VMThread [stack: 0x0000000019ba0000,0x0000000019ca0000] [id=34776]
  0x0000000019d7d000 WatcherThread [stack: 0x000000001aac0000,0x000000001abc0000] [id=34108]

VM state:not at safepoint (normal execution)

VM Mutex/Monitor currently owned by a thread: None

heap address: 0x0000000080000000, size: 2048 MB, Compressed Oops mode: 32-bit
Narrow klass base: 0x0000000000000000, Narrow klass shift: 3
Compressed class space size: 1073741824 Address: 0x0000000100000000

Heap:
 PSYoungGen      total 208384K, used 154165K [0x00000000d5580000, 0x00000000e4f80000, 0x0000000100000000)
  eden space 182784K, 70% used [0x00000000d5580000,0x00000000dd30d590,0x00000000e0800000)
  from space 25600K, 99% used [0x00000000e3680000,0x00000000e4f7ff00,0x00000000e4f80000)
  to   space 18944K, 0% used [0x00000000e0800000,0x00000000e0800000,0x00000000e1a80000)
 ParOldGen       total 123904K, used 75125K [0x0000000080000000, 0x0000000087900000, 0x00000000d5580000)
  object space 123904K, 60% used [0x0000000080000000,0x000000008495d4d8,0x0000000087900000)
 Metaspace       used 80619K, capacity 85634K, committed 85912K, reserved 1122304K
  class space    used 11226K, capacity 12120K, committed 12200K, reserved 1048576K

Card table byte_map: [0x0000000012200000,0x0000000012610000] byte_map_base: 0x0000000011e00000

Marking Bits: (ParMarkBitMap*) 0x000000006131f030
 Begin Bits: [0x00000000130c0000, 0x00000000150c0000)
 End Bits:   [0x00000000150c0000, 0x00000000170c0000)

Polling page: 0x0000000001320000

CodeCache: size=245760Kb used=28735Kb max_used=28735Kb free=217024Kb
 bounds [0x0000000002e40000, 0x0000000004a70000, 0x0000000011e40000]
 total_blobs=10333 nmethods=9474 adapters=771
 compilation: enabled

Compilation events (10 events):
Event: 68.713 Thread 0x0000000019ce6000 nmethod 10833 0x0000000004a54950 code [0x0000000004a54ae0, 0x0000000004a54d98]
Event: 68.715 Thread 0x0000000019ce6000 10834       2       com.android.tools.r8.ir.optimize.l::a (661 bytes)
Event: 68.731 Thread 0x0000000019ce6000 nmethod 10834 0x0000000004a54f50 code [0x0000000004a55500, 0x0000000004a57148]
Event: 68.732 Thread 0x0000000019ce6000 10836       2       com.android.tools.r8.graph.C::a (34 bytes)
Event: 68.732 Thread 0x0000000019ce6000 nmethod 10836 0x0000000004a59590 code [0x0000000004a59700, 0x0000000004a59948]
Event: 68.732 Thread 0x0000000019ce6000 10838       2       com.android.tools.r8.u.b.W::d (55 bytes)
Event: 68.734 Thread 0x0000000019ce6000 nmethod 10838 0x0000000004a59a90 code [0x0000000004a59c80, 0x0000000004a5a268]
Event: 68.734 Thread 0x0000000019ce6000 10845       2       com.android.tools.r8.ir.regalloc.a::a (1759 bytes)
Event: 68.762 Thread 0x0000000019ce6000 nmethod 10845 0x0000000004a5a7d0 code [0x0000000004a5b3e0, 0x0000000004a5fe48]
Event: 68.762 Thread 0x0000000019ce6000 10853       2       com.android.tools.r8.u.b.W::b (74 bytes)

GC Heap History (10 events):
Event: 13.282 GC heap before
{Heap before GC invocations=15 (full 2):
 PSYoungGen      total 160768K, used 56825K [0x00000000d5580000, 0x00000000e0c00000, 0x0000000100000000)
  eden space 147456K, 29% used [0x00000000d5580000,0x00000000d8002b10,0x00000000de580000)
  from space 13312K, 99% used [0x00000000df700000,0x00000000e03fb9e8,0x00000000e0400000)
  to   space 17920K, 0% used [0x00000000de580000,0x00000000de580000,0x00000000df700000)
 ParOldGen       total 80384K, used 27409K [0x0000000080000000, 0x0000000084e80000, 0x00000000d5580000)
  object space 80384K, 34% used [0x0000000080000000,0x0000000081ac44b0,0x0000000084e80000)
 Metaspace       used 57037K, capacity 59142K, committed 59160K, reserved 1099776K
  class space    used 7744K, capacity 8232K, committed 8232K, reserved 1048576K
Event: 13.295 GC heap after
Heap after GC invocations=15 (full 2):
 PSYoungGen      total 165376K, used 4554K [0x00000000d5580000, 0x00000000e3080000, 0x0000000100000000)
  eden space 147456K, 0% used [0x00000000d5580000,0x00000000d5580000,0x00000000de580000)
  from space 17920K, 25% used [0x00000000de580000,0x00000000de9f2918,0x00000000df700000)
  to   space 17920K, 0% used [0x00000000e1f00000,0x00000000e1f00000,0x00000000e3080000)
 ParOldGen       total 80384K, used 34401K [0x0000000080000000, 0x0000000084e80000, 0x00000000d5580000)
  object space 80384K, 42% used [0x0000000080000000,0x0000000082198418,0x0000000084e80000)
 Metaspace       used 57037K, capacity 59142K, committed 59160K, reserved 1099776K
  class space    used 7744K, capacity 8232K, committed 8232K, reserved 1048576K
}
Event: 13.295 GC heap before
{Heap before GC invocations=16 (full 3):
 PSYoungGen      total 165376K, used 4554K [0x00000000d5580000, 0x00000000e3080000, 0x0000000100000000)
  eden space 147456K, 0% used [0x00000000d5580000,0x00000000d5580000,0x00000000de580000)
  from space 17920K, 25% used [0x00000000de580000,0x00000000de9f2918,0x00000000df700000)
  to   space 17920K, 0% used [0x00000000e1f00000,0x00000000e1f00000,0x00000000e3080000)
 ParOldGen       total 80384K, used 34401K [0x0000000080000000, 0x0000000084e80000, 0x00000000d5580000)
  object space 80384K, 42% used [0x0000000080000000,0x0000000082198418,0x0000000084e80000)
 Metaspace       used 57037K, capacity 59142K, committed 59160K, reserved 1099776K
  class space    used 7744K, capacity 8232K, committed 8232K, reserved 1048576K
Event: 13.591 GC heap after
Heap after GC invocations=16 (full 3):
 PSYoungGen      total 165376K, used 0K [0x00000000d5580000, 0x00000000e3080000, 0x0000000100000000)
  eden space 147456K, 0% used [0x00000000d5580000,0x00000000d5580000,0x00000000de580000)
  from space 17920K, 0% used [0x00000000de580000,0x00000000de580000,0x00000000df700000)
  to   space 17920K, 0% used [0x00000000e1f00000,0x00000000e1f00000,0x00000000e3080000)
 ParOldGen       total 123904K, used 30898K [0x0000000080000000, 0x0000000087900000, 0x00000000d5580000)
  object space 123904K, 24% used [0x0000000080000000,0x0000000081e2c9a8,0x0000000087900000)
 Metaspace       used 57025K, capacity 59100K, committed 59160K, reserved 1099776K
  class space    used 7741K, capacity 8225K, committed 8232K, reserved 1048576K
}
Event: 16.409 GC heap before
{Heap before GC invocations=17 (full 3):
 PSYoungGen      total 165376K, used 147456K [0x00000000d5580000, 0x00000000e3080000, 0x0000000100000000)
  eden space 147456K, 100% used [0x00000000d5580000,0x00000000de580000,0x00000000de580000)
  from space 17920K, 0% used [0x00000000de580000,0x00000000de580000,0x00000000df700000)
  to   space 17920K, 0% used [0x00000000e1f00000,0x00000000e1f00000,0x00000000e3080000)
 ParOldGen       total 123904K, used 30898K [0x0000000080000000, 0x0000000087900000, 0x00000000d5580000)
  object space 123904K, 24% used [0x0000000080000000,0x0000000081e2c9a8,0x0000000087900000)
 Metaspace       used 63744K, capacity 67098K, committed 67352K, reserved 1107968K
  class space    used 8796K, capacity 9454K, committed 9512K, reserved 1048576K
Event: 16.430 GC heap after
Heap after GC invocations=17 (full 3):
 PSYoungGen      total 190464K, used 14001K [0x00000000d5580000, 0x00000000e2d00000, 0x0000000100000000)
  eden space 176128K, 0% used [0x00000000d5580000,0x00000000d5580000,0x00000000e0180000)
  from space 14336K, 97% used [0x00000000e1f00000,0x00000000e2cac748,0x00000000e2d00000)
  to   space 18944K, 0% used [0x00000000e0800000,0x00000000e0800000,0x00000000e1a80000)
 ParOldGen       total 123904K, used 30906K [0x0000000080000000, 0x0000000087900000, 0x00000000d5580000)
  object space 123904K, 24% used [0x0000000080000000,0x0000000081e2e9a8,0x0000000087900000)
 Metaspace       used 63744K, capacity 67098K, committed 67352K, reserved 1107968K
  class space    used 8796K, capacity 9454K, committed 9512K, reserved 1048576K
}
Event: 65.555 GC heap before
{Heap before GC invocations=18 (full 3):
 PSYoungGen      total 190464K, used 190129K [0x00000000d5580000, 0x00000000e2d00000, 0x0000000100000000)
  eden space 176128K, 100% used [0x00000000d5580000,0x00000000e0180000,0x00000000e0180000)
  from space 14336K, 97% used [0x00000000e1f00000,0x00000000e2cac748,0x00000000e2d00000)
  to   space 18944K, 0% used [0x00000000e0800000,0x00000000e0800000,0x00000000e1a80000)
 ParOldGen       total 123904K, used 30906K [0x0000000080000000, 0x0000000087900000, 0x00000000d5580000)
  object space 123904K, 24% used [0x0000000080000000,0x0000000081e2e9a8,0x0000000087900000)
 Metaspace       used 71724K, capacity 75510K, committed 75672K, reserved 1114112K
  class space    used 9940K, capacity 10628K, committed 10664K, reserved 1048576K
Event: 65.661 GC heap after
Heap after GC invocations=18 (full 3):
 PSYoungGen      total 201728K, used 18922K [0x00000000d5580000, 0x00000000e4f80000, 0x0000000100000000)
  eden space 182784K, 0% used [0x00000000d5580000,0x00000000d5580000,0x00000000e0800000)
  from space 18944K, 99% used [0x00000000e0800000,0x00000000e1a7aae0,0x00000000e1a80000)
  to   space 25600K, 0% used [0x00000000e3680000,0x00000000e3680000,0x00000000e4f80000)
 ParOldGen       total 123904K, used 40725K [0x0000000080000000, 0x0000000087900000, 0x00000000d5580000)
  object space 123904K, 32% used [0x0000000080000000,0x00000000827c5438,0x0000000087900000)
 Metaspace       used 71724K, capacity 75510K, committed 75672K, reserved 1114112K
  class space    used 9940K, capacity 10628K, committed 10664K, reserved 1048576K
}
Event: 66.762 GC heap before
{Heap before GC invocations=19 (full 3):
 PSYoungGen      total 201728K, used 201706K [0x00000000d5580000, 0x00000000e4f80000, 0x0000000100000000)
  eden space 182784K, 100% used [0x00000000d5580000,0x00000000e0800000,0x00000000e0800000)
  from space 18944K, 99% used [0x00000000e0800000,0x00000000e1a7aae0,0x00000000e1a80000)
  to   space 25600K, 0% used [0x00000000e3680000,0x00000000e3680000,0x00000000e4f80000)
 ParOldGen       total 123904K, used 40725K [0x0000000080000000, 0x0000000087900000, 0x00000000d5580000)
  object space 123904K, 32% used [0x0000000080000000,0x00000000827c5438,0x0000000087900000)
 Metaspace       used 75737K, capacity 79872K, committed 80152K, reserved 1118208K
  class space    used 10491K, capacity 11271K, committed 11304K, reserved 1048576K
Event: 66.830 GC heap after
Heap after GC invocations=19 (full 3):
 PSYoungGen      total 208384K, used 25599K [0x00000000d5580000, 0x00000000e4f80000, 0x0000000100000000)
  eden space 182784K, 0% used [0x00000000d5580000,0x00000000d5580000,0x00000000e0800000)
  from space 25600K, 99% used [0x00000000e3680000,0x00000000e4f7ff00,0x00000000e4f80000)
  to   space 18944K, 0% used [0x00000000e0800000,0x00000000e0800000,0x00000000e1a80000)
 ParOldGen       total 123904K, used 75125K [0x0000000080000000, 0x0000000087900000, 0x00000000d5580000)
  object space 123904K, 60% used [0x0000000080000000,0x000000008495d4d8,0x0000000087900000)
 Metaspace       used 75737K, capacity 79872K, committed 80152K, reserved 1118208K
  class space    used 10491K, capacity 11271K, committed 11304K, reserved 1048576K
}

Deoptimization events (10 events):
Event: 67.487 Thread 0x000000001c699000 Uncommon trap: reason=bimorphic action=maybe_recompile pc=0x00000000036ed5b4 method=com.android.tools.r8.u.b.o1.a(Lcom/android/tools/r8/ir/analysis/type/u;)Lcom/android/tools/r8/u/b/o1; @ 23
Event: 67.487 Thread 0x000000001c699000 Uncommon trap: reason=bimorphic action=maybe_recompile pc=0x000000000489d0a0 method=com.android.tools.r8.u.b.o1.a(Lcom/android/tools/r8/ir/analysis/type/u;)Lcom/android/tools/r8/u/b/o1; @ 23
Event: 67.487 Thread 0x000000001c699000 Uncommon trap: reason=bimorphic action=maybe_recompile pc=0x0000000004897c78 method=com.android.tools.r8.u.b.o1.a(Lcom/android/tools/r8/ir/analysis/type/u;)Lcom/android/tools/r8/u/b/o1; @ 23
Event: 67.503 Thread 0x000000001b9c2800 Uncommon trap: reason=unstable_if action=reinterpret pc=0x0000000002fb2f78 method=com.android.tools.r8.v.a.a.a.h.J0.a(Ljava/lang/Object;)I @ 52
Event: 67.561 Thread 0x0000000020b94000 Uncommon trap: reason=unstable_if action=reinterpret pc=0x00000000032ada14 method=com.android.tools.r8.graph.e0.a([C)I @ 44
Event: 67.622 Thread 0x0000000020b9a000 Uncommon trap: reason=unstable_if action=reinterpret pc=0x0000000003fec654 method=java.util.HashMap.computeIfAbsent(Ljava/lang/Object;Ljava/util/function/Function;)Ljava/lang/Object; @ 271
Event: 68.288 Thread 0x0000000020b99000 Uncommon trap: reason=speculate_class_check action=maybe_recompile pc=0x0000000004978c4c method=java.util.HashMap.putVal(ILjava/lang/Object;Ljava/lang/Object;ZZ)Ljava/lang/Object; @ 295
Event: 68.288 Thread 0x0000000020b99000 Uncommon trap: reason=speculate_class_check action=maybe_recompile pc=0x0000000004978c4c method=java.util.HashMap.putVal(ILjava/lang/Object;Ljava/lang/Object;ZZ)Ljava/lang/Object; @ 295
Event: 68.547 Thread 0x0000000020b9a000 Uncommon trap: reason=unstable_if action=reinterpret pc=0x00000000033fa298 method=java.util.HashMap$HashIterator.<init>(Ljava/util/HashMap;)V @ 45
Event: 68.674 Thread 0x000000001b9c1800 Uncommon trap: reason=unstable_if action=reinterpret pc=0x0000000003d09dc0 method=java.nio.Buffer.limit(I)Ljava/nio/Buffer; @ 33

Classes redefined (0 events):
No events

Internal exceptions (10 events):
Event: 67.020 Thread 0x0000000020b9a000 Exception <a 'java/lang/NoSuchMethodError': java.lang.Object.lambda$maxBy$1(Ljava/util/Comparator;Ljava/lang/Object;Ljava/lang/Object;)Ljava/lang/Object;> (0x00000000d867db68) thrown at [C:\src\AOSP-openjdk-git\hotspot\src\share\vm\interpreter\linkResolve
Event: 67.020 Thread 0x0000000020b94800 Exception <a 'java/lang/NoSuchMethodError': java.lang.Object.lambda$maxBy$1(Ljava/util/Comparator;Ljava/lang/Object;Ljava/lang/Object;)Ljava/lang/Object;> (0x00000000d82d2228) thrown at [C:\src\AOSP-openjdk-git\hotspot\src\share\vm\interpreter\linkResolve
Event: 67.881 Thread 0x000000001b9ba800 Exception <a 'sun/nio/fs/WindowsException'> (0x00000000dc1d5c48) thrown at [C:\src\AOSP-openjdk-git\hotspot\src\share\vm\prims\jni.cpp, line 710]
Event: 67.882 Thread 0x000000001b9ba800 Exception <a 'sun/nio/fs/WindowsException'> (0x00000000dc1d6718) thrown at [C:\src\AOSP-openjdk-git\hotspot\src\share\vm\prims\jni.cpp, line 710]
Event: 67.882 Thread 0x000000001b9ba800 Exception <a 'sun/nio/fs/WindowsException'> (0x00000000dc1d6c58) thrown at [C:\src\AOSP-openjdk-git\hotspot\src\share\vm\prims\jni.cpp, line 710]
Event: 67.882 Thread 0x000000001b9ba800 Exception <a 'sun/nio/fs/WindowsException'> (0x00000000dc1d7a90) thrown at [C:\src\AOSP-openjdk-git\hotspot\src\share\vm\prims\jni.cpp, line 710]
Event: 67.882 Thread 0x000000001b9ba800 Exception <a 'sun/nio/fs/WindowsException'> (0x00000000dc1d7fc8) thrown at [C:\src\AOSP-openjdk-git\hotspot\src\share\vm\prims\jni.cpp, line 710]
Event: 67.883 Thread 0x000000001b9ba800 Exception <a 'sun/nio/fs/WindowsException'> (0x00000000dc1d8df0) thrown at [C:\src\AOSP-openjdk-git\hotspot\src\share\vm\prims\jni.cpp, line 710]
Event: 67.883 Thread 0x000000001b9ba800 Exception <a 'sun/nio/fs/WindowsException'> (0x00000000dc1d9320) thrown at [C:\src\AOSP-openjdk-git\hotspot\src\share\vm\prims\jni.cpp, line 710]
Event: 67.883 Thread 0x000000001b9ba800 Exception <a 'sun/nio/fs/WindowsException'> (0x00000000dc1da138) thrown at [C:\src\AOSP-openjdk-git\hotspot\src\share\vm\prims\jni.cpp, line 710]

Events (10 events):
Event: 68.713 loading class com/android/tools/r8/code/K2 done
Event: 68.714 loading class com/android/tools/r8/code/I2
Event: 68.714 loading class com/android/tools/r8/code/I2 done
Event: 68.716 loading class com/android/tools/r8/code/H2
Event: 68.716 loading class com/android/tools/r8/code/H2 done
Event: 68.717 loading class com/android/tools/r8/code/J2
Event: 68.717 loading class com/android/tools/r8/code/J2 done
Event: 68.718 loading class com/android/tools/r8/code/M2
Event: 68.718 loading class com/android/tools/r8/code/M2 done
Event: 68.749 loading class java/util/Vector$Itr done


Dynamic libraries:
0x00007ff7737f0000 - 0x00007ff773821000 	C:\Program Files\Android\Android Studio\jre\bin\java.exe
0x00007ffd5ab20000 - 0x00007ffd5ad10000 	C:\Windows\SYSTEM32\ntdll.dll
0x00007ffd59cb0000 - 0x00007ffd59d62000 	C:\Windows\System32\KERNEL32.DLL
0x00007ffd580b0000 - 0x00007ffd58355000 	C:\Windows\System32\KERNELBASE.dll
0x00007ffd5aa30000 - 0x00007ffd5aad3000 	C:\Windows\System32\ADVAPI32.dll
0x00007ffd598b0000 - 0x00007ffd5994e000 	C:\Windows\System32\msvcrt.dll
0x00007ffd59c10000 - 0x00007ffd59ca7000 	C:\Windows\System32\sechost.dll
0x00007ffd5a030000 - 0x00007ffd5a150000 	C:\Windows\System32\RPCRT4.dll
0x00007ffd58f10000 - 0x00007ffd590a5000 	C:\Windows\System32\USER32.dll
0x00007ffd57ed0000 - 0x00007ffd57ef1000 	C:\Windows\System32\win32u.dll
0x00007ffd59be0000 - 0x00007ffd59c06000 	C:\Windows\System32\GDI32.dll
0x00007ffd57ad0000 - 0x00007ffd57c66000 	C:\Windows\System32\gdi32full.dll
0x00007ffd583b0000 - 0x00007ffd5844e000 	C:\Windows\System32\msvcp_win.dll
0x00007ffd57f00000 - 0x00007ffd57ffa000 	C:\Windows\System32\ucrtbase.dll
0x00007ffd4e6d0000 - 0x00007ffd4e954000 	C:\Windows\WinSxS\amd64_microsoft.windows.common-controls_6595b64144ccf1df_6.0.18362.1082_none_9e8193e1e45b25c1\COMCTL32.dll
0x00007ffd58bd0000 - 0x00007ffd58f05000 	C:\Windows\System32\combase.dll
0x00007ffd58000000 - 0x00007ffd58080000 	C:\Windows\System32\bcryptPrimitives.dll
0x00007ffd5a150000 - 0x00007ffd5a17e000 	C:\Windows\System32\IMM32.DLL
0x0000000060990000 - 0x0000000060a62000 	C:\Program Files\Android\Android Studio\jre\jre\bin\msvcr100.dll
0x0000000060b50000 - 0x000000006139b000 	C:\Program Files\Android\Android Studio\jre\jre\bin\server\jvm.dll
0x00007ffd5a020000 - 0x00007ffd5a028000 	C:\Windows\System32\PSAPI.DLL
0x00007ffd49fe0000 - 0x00007ffd49fea000 	C:\Windows\SYSTEM32\VERSION.dll
0x00007ffd50b10000 - 0x00007ffd50b19000 	C:\Windows\SYSTEM32\WSOCK32.dll
0x00007ffd41a30000 - 0x00007ffd41a54000 	C:\Windows\SYSTEM32\WINMM.dll
0x00007ffd59b70000 - 0x00007ffd59bdf000 	C:\Windows\System32\WS2_32.dll
0x00007ffd49040000 - 0x00007ffd4906d000 	C:\Windows\SYSTEM32\WINMMBASE.dll
0x00007ffd58360000 - 0x00007ffd583aa000 	C:\Windows\System32\cfgmgr32.dll
0x00007ffd4f430000 - 0x00007ffd4f43f000 	C:\Program Files\Android\Android Studio\jre\jre\bin\verify.dll
0x00007ffd42e60000 - 0x00007ffd42e89000 	C:\Program Files\Android\Android Studio\jre\jre\bin\java.dll
0x00007ffd42fe0000 - 0x00007ffd42ff6000 	C:\Program Files\Android\Android Studio\jre\jre\bin\zip.dll
0x00007ffd5a2c0000 - 0x00007ffd5a9a7000 	C:\Windows\System32\SHELL32.dll
0x00007ffd59750000 - 0x00007ffd597f9000 	C:\Windows\System32\shcore.dll
0x00007ffd58450000 - 0x00007ffd58bd0000 	C:\Windows\System32\windows.storage.dll
0x00007ffd57a80000 - 0x00007ffd57aa3000 	C:\Windows\System32\profapi.dll
0x00007ffd579f0000 - 0x00007ffd57a3a000 	C:\Windows\System32\powrprof.dll
0x00007ffd579e0000 - 0x00007ffd579f0000 	C:\Windows\System32\UMPDC.dll
0x00007ffd59110000 - 0x00007ffd59162000 	C:\Windows\System32\shlwapi.dll
0x00007ffd57a40000 - 0x00007ffd57a51000 	C:\Windows\System32\kernel.appcore.dll
0x00007ffd57ab0000 - 0x00007ffd57ac7000 	C:\Windows\System32\cryptsp.dll
0x00007ffd41ad0000 - 0x00007ffd41aea000 	C:\Program Files\Android\Android Studio\jre\jre\bin\net.dll
0x00007ffd571d0000 - 0x00007ffd57237000 	C:\Windows\system32\mswsock.dll
0x00007ffd40e70000 - 0x00007ffd40e83000 	C:\Program Files\Android\Android Studio\jre\jre\bin\nio.dll
0x00007ffd41d50000 - 0x00007ffd41d76000 	C:\Users\Mariem\.gradle\native\31\windows-amd64\native-platform.dll
0x00007ffd4f3a0000 - 0x00007ffd4f3ad000 	C:\Program Files\Android\Android Studio\jre\jre\bin\management.dll
0x00007ffd56d40000 - 0x00007ffd56d73000 	C:\Windows\system32\rsaenh.dll
0x00007ffd58080000 - 0x00007ffd580a6000 	C:\Windows\System32\bcrypt.dll
0x00007ffd57900000 - 0x00007ffd57925000 	C:\Windows\SYSTEM32\USERENV.dll
0x00007ffd573a0000 - 0x00007ffd573ac000 	C:\Windows\SYSTEM32\CRYPTBASE.dll
0x00007ffd56ee0000 - 0x00007ffd56f1a000 	C:\Windows\SYSTEM32\IPHLPAPI.DLL
0x00007ffd59d80000 - 0x00007ffd59d88000 	C:\Windows\System32\NSI.dll
0x00007ffd50980000 - 0x00007ffd50996000 	C:\Windows\SYSTEM32\dhcpcsvc6.DLL
0x00007ffd50be0000 - 0x00007ffd50bfc000 	C:\Windows\SYSTEM32\dhcpcsvc.DLL
0x00007ffd56f20000 - 0x00007ffd56feb000 	C:\Windows\SYSTEM32\DNSAPI.dll
0x00007ffd45a70000 - 0x00007ffd45a8e000 	C:\Users\Mariem\AppData\Local\Temp\native-platform5122635664358041769dir\native-platform.dll

VM Arguments:
jvm_args: -Xmx2048m -Dfile.encoding=UTF-8 -Duser.country=FR -Duser.language=fr -Duser.variant 
java_command: org.gradle.launcher.daemon.bootstrap.GradleDaemon 6.1.1
java_class_path (initial): C:\Users\Mariem\.gradle\wrapper\dists\gradle-6.1.1-all\cfmwm155h49vnt3hynmlrsdst\gradle-6.1.1\lib\gradle-launcher-6.1.1.jar
Launcher Type: SUN_STANDARD

Environment Variables:
JAVA_HOME=C:\Program Files\Java\jdk1.8.0_261
PATH=C:\Program Files (x86)\Common Files\Oracle\Java\javapath;C:\Windows\system32;C:\Windows;C:\Windows\System32\Wbem;C:\Windows\System32\WindowsPowerShell\v1.0\;C:\Windows\System32\OpenSSH\;C:\Program Files\Git\cmd;C:\Program Files\Java\jdk1.8.0_261;C:\Program Files\apache-maven-3.6.3\bin;C:\Users\Mariem\AppData\Local\Microsoft\WindowsApps;
USERNAME=Mariem
OS=Windows_NT
PROCESSOR_IDENTIFIER=AMD64 Family 23 Model 24 Stepping 1, AuthenticAMD



---------------  S Y S T E M  ---------------

OS: Windows 10.0 , 64 bit Build 18362 (10.0.18362.1082)

CPU:total 8 (initial active 8) (8 cores per cpu, 1 threads per core) family 23 model 24 stepping 1, cmov, cx8, fxsr, mmx, sse, sse2, sse3, ssse3, sse4.1, sse4.2, popcnt, avx, avx2, aes, clmul, mmxext, 3dnowpref, lzcnt, sse4a, tsc, tscinvbit, tscinv, bmi1

Memory: 4k page, physical 7275532k(340476k free), swap 23004168k(2476k free)

vm_info: OpenJDK 64-Bit Server VM (25.242-b01) for windows-amd64 JRE (1.8.0_242-release-1644-b01), built by "builder" with MS VC++ 10.0 (VS2010)

time: Sat Oct 17 17:45:10 2020
timezone: Paris, Madrid (heure d’été)
elapsed time: 68 seconds (0d 0h 1m 8s)

