#
# There is insufficient memory for the Java Runtime Environment to continue.
# Native memory allocation (malloc) failed to allocate 641616 bytes for Chunk::new
# Possible reasons:
#   The system is out of physical RAM or swap space
#   The process is running with CompressedOops enabled, and the Java Heap may be blocking the growth of the native heap
# Possible solutions:
#   Reduce memory load on the system
#   Increase physical memory or swap space
#   Check if swap backing store is full
#   Decrease Java heap size (-Xmx/-Xms)
#   Decrease number of Java threads
#   Decrease Java thread stack sizes (-Xss)
#   Set larger code cache with -XX:ReservedCodeCacheSize=
#   JVM is running with Unscaled Compressed Oops mode in which the Java heap is
#     placed in the first 4GB address space. The Java Heap base address is the
#     maximum limit for the native heap growth. Please use -XX:HeapBaseMinAddress
#     to set the Java Heap base and to place the Java Heap above 4GB virtual address.
# This output file may be truncated or incomplete.
#
#  Out of Memory Error (allocation.cpp:389), pid=29684, tid=0x0000000000008ab4
#
# JRE version: OpenJDK Runtime Environment (8.0_242-b01) (build 1.8.0_242-release-1644-b01)
# Java VM: OpenJDK 64-Bit Server VM (25.242-b01 mixed mode windows-amd64 compressed oops)
# Failed to write core dump. Minidumps are not enabled by default on client versions of Windows
#

---------------  T H R E A D  ---------------

Current thread (0x00000000198f7000):  JavaThread "C2 CompilerThread2" daemon [_thread_in_native, id=35508, stack(0x000000001a3e0000,0x000000001a4e0000)]

Stack: [0x000000001a3e0000,0x000000001a4e0000]
[error occurred during error reporting (printing stack bounds), id 0xc0000005]

Native frames: (J=compiled Java code, j=interpreted, Vv=VM code, C=native code)


Current CompileTask:
C2:  45257 10530       4       java.lang.Class::privateGetMethodRecursive (130 bytes)


---------------  P R O C E S S  ---------------

Java Threads: ( => current thread )
  0x0000000022634800 JavaThread "Thread-48" [_thread_in_native, id=13132, stack(0x0000000029870000,0x0000000029970000)]
  0x000000002262d000 JavaThread "RMI TCP Connection(1)-127.0.0.1" daemon [_thread_in_native, id=29460, stack(0x0000000029570000,0x0000000029670000)]
  0x0000000022633800 JavaThread "RMI Reaper" [_thread_blocked, id=1592, stack(0x0000000029470000,0x0000000029570000)]
  0x000000002262c000 JavaThread "RMI TCP Accept-0" daemon [_thread_in_native, id=31616, stack(0x0000000029370000,0x0000000029470000)]
  0x0000000022633000 JavaThread "GC Daemon" daemon [_thread_blocked, id=32288, stack(0x0000000029270000,0x0000000029370000)]
  0x0000000022630800 JavaThread "RMI RenewClean-[127.0.0.1:17284,org.jetbrains.kotlin.daemon.common.LoopbackNetworkInterface$ClientLoopbackSocketFactory@a628ab7]" daemon [_thread_blocked, id=23496, stack(0x0000000029170000,0x0000000029270000)]
  0x000000002262e800 JavaThread "RMI Scheduler(0)" daemon [_thread_blocked, id=26552, stack(0x0000000029070000,0x0000000029170000)]
  0x0000000022632000 JavaThread "stdout" [_thread_in_native, id=10040, stack(0x0000000028870000,0x0000000028970000)]
  0x0000000022630000 JavaThread "stderr" [_thread_in_native, id=28840, stack(0x0000000028770000,0x0000000028870000)]
  0x0000000022631800 JavaThread "stdout" [_thread_in_native, id=33484, stack(0x0000000028670000,0x0000000028770000)]
  0x000000001b12e000 JavaThread "stderr" [_thread_in_native, id=34240, stack(0x0000000028570000,0x0000000028670000)]
  0x000000001b12d800 JavaThread "stdout" [_thread_in_native, id=28700, stack(0x0000000028470000,0x0000000028570000)]
  0x000000001b12c800 JavaThread "stderr" [_thread_in_native, id=28052, stack(0x0000000028370000,0x0000000028470000)]
  0x000000001b12c000 JavaThread "stdout" [_thread_in_native, id=34720, stack(0x0000000028270000,0x0000000028370000)]
  0x000000001b12f000 JavaThread "stderr" [_thread_in_native, id=23036, stack(0x0000000028170000,0x0000000028270000)]
  0x000000001b12b000 JavaThread "stdout" [_thread_in_native, id=29776, stack(0x0000000028070000,0x0000000028170000)]
  0x000000001b123800 JavaThread "stderr" [_thread_in_native, id=34188, stack(0x0000000027f70000,0x0000000028070000)]
  0x000000001b12a800 JavaThread "stdout" [_thread_in_native, id=24128, stack(0x0000000027e70000,0x0000000027f70000)]
  0x000000001b122800 JavaThread "stderr" [_thread_in_native, id=18028, stack(0x0000000027d70000,0x0000000027e70000)]
  0x000000001b129800 JavaThread "stdout" [_thread_in_native, id=28932, stack(0x0000000027c70000,0x0000000027d70000)]
  0x000000001b125000 JavaThread "stderr" [_thread_in_native, id=34920, stack(0x0000000027b70000,0x0000000027c70000)]
  0x000000001b122000 JavaThread "stdout" [_thread_in_native, id=27872, stack(0x0000000027a70000,0x0000000027b70000)]
  0x000000001b129000 JavaThread "stderr" [_thread_in_native, id=34304, stack(0x0000000027970000,0x0000000027a70000)]
  0x000000001b128000 JavaThread "pool-2-thread-1" [_thread_blocked, id=18292, stack(0x0000000027730000,0x0000000027830000)]
  0x000000001b120800 JavaThread "WorkerExecutor Queue Thread 8" [_thread_blocked, id=32868, stack(0x0000000027630000,0x0000000027730000)]
  0x000000001b127800 JavaThread "WorkerExecutor Queue Thread 7" [_thread_blocked, id=28028, stack(0x0000000027530000,0x0000000027630000)]
  0x000000001b124000 JavaThread "WorkerExecutor Queue Thread 6" [_thread_blocked, id=14644, stack(0x0000000027320000,0x0000000027420000)]
  0x000000001b121000 JavaThread "WorkerExecutor Queue Thread 5" [_thread_blocked, id=28456, stack(0x0000000027430000,0x0000000027530000)]
  0x000000001b125800 JavaThread "WorkerExecutor Queue Thread 4" [_thread_blocked, id=31816, stack(0x0000000027220000,0x0000000027320000)]
  0x000000001b126800 JavaThread "WorkerExecutor Queue Thread 3" [_thread_blocked, id=24496, stack(0x0000000027120000,0x0000000027220000)]
  0x000000001b11f800 JavaThread "WorkerExecutor Queue Thread 2" [_thread_blocked, id=27712, stack(0x0000000027020000,0x0000000027120000)]
  0x000000001f1c2800 JavaThread "WorkerExecutor Queue" [_thread_blocked, id=15552, stack(0x0000000026f20000,0x0000000027020000)]
  0x000000001f1c4000 JavaThread "Cache worker for execution history cache (D:\workspace\AndroidStudioProjects\NetworkLR-old\.gradle\6.1.1\executionHistory)" [_thread_blocked, id=22324, stack(0x0000000026a20000,0x0000000026b20000)]
  0x000000001f1c6000 JavaThread "Execution worker for ':' Thread 7" [_thread_blocked, id=32412, stack(0x0000000026720000,0x0000000026820000)]
  0x000000001f1c3000 JavaThread "Execution worker for ':' Thread 6" [_thread_blocked, id=34056, stack(0x0000000026620000,0x0000000026720000)]
  0x000000001f1c4800 JavaThread "Execution worker for ':' Thread 5" [_thread_blocked, id=27068, stack(0x0000000026520000,0x0000000026620000)]
  0x000000001f1c5800 JavaThread "Execution worker for ':' Thread 4" [_thread_blocked, id=9780, stack(0x0000000026420000,0x0000000026520000)]
  0x0000000022061800 JavaThread "Execution worker for ':' Thread 3" [_thread_blocked, id=13644, stack(0x0000000026320000,0x0000000026420000)]
  0x0000000022063000 JavaThread "Execution worker for ':' Thread 2" [_thread_in_native, id=32564, stack(0x0000000026220000,0x0000000026320000)]
  0x0000000022063800 JavaThread "Execution worker for ':'" [_thread_blocked, id=34476, stack(0x0000000026120000,0x0000000026220000)]
  0x0000000022066800 JavaThread "Cache worker for file content cache (D:\workspace\AndroidStudioProjects\NetworkLR-old\.gradle\6.1.1\fileContent)" [_thread_blocked, id=22980, stack(0x0000000025b20000,0x0000000025c20000)]
  0x0000000022065000 JavaThread "Cache worker for file content cache (C:\Users\Mariem\.gradle\caches\6.1.1\fileContent)" [_thread_blocked, id=23584, stack(0x0000000025a20000,0x0000000025b20000)]
  0x0000000022066000 JavaThread "Memory manager" [_thread_blocked, id=29024, stack(0x0000000025920000,0x0000000025a20000)]
  0x000000002205d800 JavaThread "Cache worker for Build Output Cleanup Cache (D:\workspace\AndroidStudioProjects\NetworkLR-old\.gradle\buildOutputCleanup)" [_thread_blocked, id=33904, stack(0x0000000023ba0000,0x0000000023ca0000)]
  0x0000000022060000 JavaThread "Build operations Thread 8" [_thread_blocked, id=23512, stack(0x00000000234a0000,0x00000000235a0000)]
  0x0000000022058800 JavaThread "Build operations Thread 7" [_thread_blocked, id=23900, stack(0x00000000233a0000,0x00000000234a0000)]
  0x000000002205d000 JavaThread "Build operations Thread 6" [_thread_blocked, id=13416, stack(0x00000000232a0000,0x00000000233a0000)]
  0x000000002205e800 JavaThread "Build operations Thread 5" [_thread_blocked, id=29508, stack(0x00000000231a0000,0x00000000232a0000)]
  0x000000002205a800 JavaThread "Build operations Thread 4" [_thread_blocked, id=2708, stack(0x00000000230a0000,0x00000000231a0000)]
  0x000000002205f000 JavaThread "Build operations Thread 3" [_thread_blocked, id=28440, stack(0x0000000022fa0000,0x00000000230a0000)]
  0x000000002205a000 JavaThread "Build operations Thread 2" [_thread_blocked, id=11844, stack(0x0000000022ea0000,0x0000000022fa0000)]
  0x000000002205c000 JavaThread "Build operations" [_thread_blocked, id=29120, stack(0x0000000022da0000,0x0000000022ea0000)]
  0x000000001ac6f800 JavaThread "Cache worker for execution history cache (C:\Users\Mariem\.gradle\caches\6.1.1\executionHistory)" [_thread_blocked, id=28224, stack(0x00000000210d0000,0x00000000211d0000)]
  0x000000001ac76800 JavaThread "Cache worker for cache directory md-rule (C:\Users\Mariem\.gradle\caches\6.1.1\md-rule)" [_thread_blocked, id=12596, stack(0x0000000020fd0000,0x00000000210d0000)]
  0x000000001ac74000 JavaThread "Cache worker for cache directory md-supplier (C:\Users\Mariem\.gradle\caches\6.1.1\md-supplier)" [_thread_blocked, id=2128, stack(0x0000000020ed0000,0x0000000020fd0000)]
  0x000000001ac72000 JavaThread "Cache worker for file hash cache (D:\workspace\AndroidStudioProjects\NetworkLR-old\.gradle\6.1.1\fileHashes)" [_thread_blocked, id=30956, stack(0x00000000209d0000,0x0000000020ad0000)]
  0x000000001ac71000 JavaThread "Cache worker for checksums cache (D:\workspace\AndroidStudioProjects\NetworkLR-old\.gradle\checksums)" [_thread_blocked, id=31708, stack(0x00000000208d0000,0x00000000209d0000)]
  0x000000001ac73800 JavaThread "Cache worker for file hash cache (C:\Users\Mariem\.gradle\caches\6.1.1\fileHashes)" [_thread_blocked, id=35040, stack(0x000000001e630000,0x000000001e730000)]
  0x000000001ac75800 JavaThread "File lock request listener" [_thread_in_native, id=33732, stack(0x000000001e530000,0x000000001e630000)]
  0x0000000019b7c800 JavaThread "Cache worker for journal cache (C:\Users\Mariem\.gradle\caches\journal-1)" [_thread_blocked, id=28056, stack(0x000000001e430000,0x000000001e530000)]
  0x000000001c262000 JavaThread "Thread-9" [_thread_blocked, id=35444, stack(0x000000001e130000,0x000000001e230000)]
  0x000000001c25f000 JavaThread "Stdin handler" [_thread_blocked, id=35064, stack(0x000000001e030000,0x000000001e130000)]
  0x000000001c25e000 JavaThread "Asynchronous log dispatcher for DefaultDaemonConnection: socket connection from /127.0.0.1:56431 to /127.0.0.1:56432" [_thread_blocked, id=17192, stack(0x000000001df30000,0x000000001e030000)]
  0x000000001c243000 JavaThread "Daemon worker" [_thread_blocked, id=10028, stack(0x000000001de30000,0x000000001df30000)]
  0x000000001c238000 JavaThread "Cancel handler" [_thread_blocked, id=28908, stack(0x000000001dd30000,0x000000001de30000)]
  0x000000001c21e800 JavaThread "Handler for socket connection from /127.0.0.1:56431 to /127.0.0.1:56432" [_thread_in_native, id=7040, stack(0x000000001da30000,0x000000001db30000)]
  0x000000001b3fe000 JavaThread "Daemon" [_thread_blocked, id=1840, stack(0x000000001d930000,0x000000001da30000)]
  0x000000001a94b800 JavaThread "Daemon periodic checks" [_thread_blocked, id=22964, stack(0x000000001d830000,0x000000001d930000)]
  0x000000001a949000 JavaThread "Incoming local TCP Connector on port 56431" [_thread_in_native, id=29304, stack(0x000000001d5c0000,0x000000001d6c0000)]
  0x000000001a8d2800 JavaThread "Daemon health stats" [_thread_blocked, id=32512, stack(0x000000001cf80000,0x000000001d080000)]
  0x0000000019988800 JavaThread "Service Thread" daemon [_thread_blocked, id=31032, stack(0x000000001a5e0000,0x000000001a6e0000)]
  0x00000000198fe000 JavaThread "C1 CompilerThread3" daemon [_thread_blocked, id=27052, stack(0x000000001a4e0000,0x000000001a5e0000)]
=>0x00000000198f7000 JavaThread "C2 CompilerThread2" daemon [_thread_in_native, id=35508, stack(0x000000001a3e0000,0x000000001a4e0000)]
  0x0000000017b0b000 JavaThread "C2 CompilerThread1" daemon [_thread_in_native, id=34704, stack(0x000000001a2e0000,0x000000001a3e0000)]
  0x0000000017b08000 JavaThread "C2 CompilerThread0" daemon [_thread_blocked, id=26724, stack(0x000000001a1e0000,0x000000001a2e0000)]
  0x00000000198f2800 JavaThread "Attach Listener" daemon [_thread_blocked, id=2440, stack(0x000000001a0e0000,0x000000001a1e0000)]
  0x00000000198f6800 JavaThread "Signal Dispatcher" daemon [_thread_blocked, id=34600, stack(0x0000000019fe0000,0x000000001a0e0000)]
  0x0000000002a8d800 JavaThread "Finalizer" daemon [_thread_blocked, id=33032, stack(0x0000000019dc0000,0x0000000019ec0000)]
  0x0000000002a87000 JavaThread "Reference Handler" daemon [_thread_blocked, id=33008, stack(0x0000000019cc0000,0x0000000019dc0000)]
  0x000000000298e000 JavaThread "main" [_thread_blocked, id=33168, stack(0x00000000027a0000,0x00000000028a0000)]

Other Threads:
  0x0000000017af5800 VMThread [stack: 0x00000000197c0000,0x00000000198c0000] [id=24332]
  0x0000000019989000 WatcherThread [stack: 0x000000001a6e0000,0x000000001a7e0000] [id=25676]

VM state:not at safepoint (normal execution)

VM Mutex/Monitor currently owned by a thread: None

heap address: 0x0000000080000000, size: 2048 MB, Compressed Oops mode: 32-bit
Narrow klass base: 0x0000000000000000, Narrow klass shift: 3
Compressed class space size: 1073741824 Address: 0x0000000100000000

Heap:
 PSYoungGen      total 233984K, used 229382K [0x00000000d5580000, 0x00000000e7c00000, 0x0000000100000000)
  eden space 214016K, 97% used [0x00000000d5580000,0x00000000e22097e8,0x00000000e2680000)
  from space 19968K, 99% used [0x00000000e2680000,0x00000000e39f8358,0x00000000e3a00000)
  to   space 23040K, 0% used [0x00000000e6580000,0x00000000e6580000,0x00000000e7c00000)
 ParOldGen       total 113152K, used 30018K [0x0000000080000000, 0x0000000086e80000, 0x00000000d5580000)
  object space 113152K, 26% used [0x0000000080000000,0x0000000081d50898,0x0000000086e80000)
 Metaspace       used 75056K, capacity 78550K, committed 78744K, reserved 1118208K
  class space    used 10165K, capacity 10848K, committed 10928K, reserved 1048576K

Card table byte_map: [0x0000000011e50000,0x0000000012260000] byte_map_base: 0x0000000011a50000

Marking Bits: (ParMarkBitMap*) 0x000000006131f030
 Begin Bits: [0x0000000012d10000, 0x0000000014d10000)
 End Bits:   [0x0000000014d10000, 0x0000000016d10000)

Polling page: 0x0000000000b60000

CodeCache: size=245760Kb used=28167Kb max_used=28958Kb free=217592Kb
 bounds [0x0000000002a90000, 0x0000000004700000, 0x0000000011a90000]
 total_blobs=9748 nmethods=8879 adapters=782
 compilation: enabled

Compilation events (10 events):
Event: 44.947 Thread 0x00000000198f7000 10526       4       org.apache.groovy.io.StringBuilderWriter::write (16 bytes)
Event: 44.950 Thread 0x0000000017b0b000 nmethod 10524 0x0000000002f89310 code [0x0000000002f89460, 0x0000000002f89858]
Event: 44.951 Thread 0x00000000198fe000 10527       1       org.gradle.internal.logging.events.RenderableOutputEvent::getBuildOperationId (5 bytes)
Event: 44.951 Thread 0x00000000198fe000 nmethod 10527 0x000000000442f290 code [0x000000000442f3e0, 0x000000000442f4f0]
Event: 44.956 Thread 0x00000000198f7000 nmethod 10526 0x00000000041d0690 code [0x00000000041d07e0, 0x00000000041d0c58]
Event: 44.959 Thread 0x0000000017b08000 nmethod 10525 0x0000000002fbac90 code [0x0000000002fbae00, 0x0000000002fbb618]
Event: 45.162 Thread 0x00000000198fe000 10528       3       java.lang.invoke.DelegatingMethodHandle::rebind (8 bytes)
Event: 45.162 Thread 0x00000000198fe000 nmethod 10528 0x00000000037fdd50 code [0x00000000037fdec0, 0x00000000037fe198]
Event: 45.164 Thread 0x0000000017b0b000 10529       4       java.lang.Class::getMethod0 (40 bytes)
Event: 45.164 Thread 0x00000000198f7000 10530       4       java.lang.Class::privateGetMethodRecursive (130 bytes)

GC Heap History (10 events):
Event: 18.386 GC heap before
{Heap before GC invocations=14 (full 2):
 PSYoungGen      total 135680K, used 135656K [0x00000000d5580000, 0x00000000e1000000, 0x0000000100000000)
  eden space 124928K, 100% used [0x00000000d5580000,0x00000000dcf80000,0x00000000dcf80000)
  from space 10752K, 99% used [0x00000000dcf80000,0x00000000dd9fa310,0x00000000dda00000)
  to   space 13312K, 0% used [0x00000000e0300000,0x00000000e0300000,0x00000000e1000000)
 ParOldGen       total 76288K, used 19397K [0x0000000080000000, 0x0000000084a80000, 0x00000000d5580000)
  object space 76288K, 25% used [0x0000000080000000,0x00000000812f1638,0x0000000084a80000)
 Metaspace       used 55554K, capacity 57550K, committed 57768K, reserved 1099776K
  class space    used 7519K, capacity 7992K, committed 8112K, reserved 1048576K
Event: 18.417 GC heap after
Heap after GC invocations=14 (full 2):
 PSYoungGen      total 172544K, used 13295K [0x00000000d5580000, 0x00000000e1880000, 0x0000000100000000)
  eden space 159232K, 0% used [0x00000000d5580000,0x00000000d5580000,0x00000000df100000)
  from space 13312K, 99% used [0x00000000e0300000,0x00000000e0ffbc58,0x00000000e1000000)
  to   space 18432K, 0% used [0x00000000df100000,0x00000000df100000,0x00000000e0300000)
 ParOldGen       total 76288K, used 29390K [0x0000000080000000, 0x0000000084a80000, 0x00000000d5580000)
  object space 76288K, 38% used [0x0000000080000000,0x0000000081cb3a40,0x0000000084a80000)
 Metaspace       used 55554K, capacity 57550K, committed 57768K, reserved 1099776K
  class space    used 7519K, capacity 7992K, committed 8112K, reserved 1048576K
}
Event: 18.860 GC heap before
{Heap before GC invocations=15 (full 2):
 PSYoungGen      total 172544K, used 34835K [0x00000000d5580000, 0x00000000e1880000, 0x0000000100000000)
  eden space 159232K, 13% used [0x00000000d5580000,0x00000000d6a88fd8,0x00000000df100000)
  from space 13312K, 99% used [0x00000000e0300000,0x00000000e0ffbc58,0x00000000e1000000)
  to   space 18432K, 0% used [0x00000000df100000,0x00000000df100000,0x00000000e0300000)
 ParOldGen       total 76288K, used 29390K [0x0000000080000000, 0x0000000084a80000, 0x00000000d5580000)
  object space 76288K, 38% used [0x0000000080000000,0x0000000081cb3a40,0x0000000084a80000)
 Metaspace       used 56983K, capacity 59092K, committed 59160K, reserved 1099776K
  class space    used 7721K, capacity 8189K, committed 8240K, reserved 1048576K
Event: 18.885 GC heap after
Heap after GC invocations=15 (full 2):
 PSYoungGen      total 177664K, used 2208K [0x00000000d5580000, 0x00000000e5180000, 0x0000000100000000)
  eden space 159232K, 0% used [0x00000000d5580000,0x00000000d5580000,0x00000000df100000)
  from space 18432K, 11% used [0x00000000df100000,0x00000000df328000,0x00000000e0300000)
  to   space 18944K, 0% used [0x00000000e3f00000,0x00000000e3f00000,0x00000000e5180000)
 ParOldGen       total 76288K, used 36802K [0x0000000080000000, 0x0000000084a80000, 0x00000000d5580000)
  object space 76288K, 48% used [0x0000000080000000,0x00000000823f0b78,0x0000000084a80000)
 Metaspace       used 56983K, capacity 59092K, committed 59160K, reserved 1099776K
  class space    used 7721K, capacity 8189K, committed 8240K, reserved 1048576K
}
Event: 18.885 GC heap before
{Heap before GC invocations=16 (full 3):
 PSYoungGen      total 177664K, used 2208K [0x00000000d5580000, 0x00000000e5180000, 0x0000000100000000)
  eden space 159232K, 0% used [0x00000000d5580000,0x00000000d5580000,0x00000000df100000)
  from space 18432K, 11% used [0x00000000df100000,0x00000000df328000,0x00000000e0300000)
  to   space 18944K, 0% used [0x00000000e3f00000,0x00000000e3f00000,0x00000000e5180000)
 ParOldGen       total 76288K, used 36802K [0x0000000080000000, 0x0000000084a80000, 0x00000000d5580000)
  object space 76288K, 48% used [0x0000000080000000,0x00000000823f0b78,0x0000000084a80000)
 Metaspace       used 56983K, capacity 59092K, committed 59160K, reserved 1099776K
  class space    used 7721K, capacity 8189K, committed 8240K, reserved 1048576K
Event: 19.192 GC heap after
Heap after GC invocations=16 (full 3):
 PSYoungGen      total 177664K, used 0K [0x00000000d5580000, 0x00000000e5180000, 0x0000000100000000)
  eden space 159232K, 0% used [0x00000000d5580000,0x00000000d5580000,0x00000000df100000)
  from space 18432K, 0% used [0x00000000df100000,0x00000000df100000,0x00000000e0300000)
  to   space 18944K, 0% used [0x00000000e3f00000,0x00000000e3f00000,0x00000000e5180000)
 ParOldGen       total 113152K, used 29830K [0x0000000080000000, 0x0000000086e80000, 0x00000000d5580000)
  object space 113152K, 26% used [0x0000000080000000,0x0000000081d21bb0,0x0000000086e80000)
 Metaspace       used 56957K, capacity 59002K, committed 59160K, reserved 1099776K
  class space    used 7713K, capacity 8174K, committed 8240K, reserved 1048576K
}
Event: 22.800 GC heap before
{Heap before GC invocations=17 (full 3):
 PSYoungGen      total 177664K, used 159232K [0x00000000d5580000, 0x00000000e5180000, 0x0000000100000000)
  eden space 159232K, 100% used [0x00000000d5580000,0x00000000df100000,0x00000000df100000)
  from space 18432K, 0% used [0x00000000df100000,0x00000000df100000,0x00000000e0300000)
  to   space 18944K, 0% used [0x00000000e3f00000,0x00000000e3f00000,0x00000000e5180000)
 ParOldGen       total 113152K, used 29830K [0x0000000080000000, 0x0000000086e80000, 0x00000000d5580000)
  object space 113152K, 26% used [0x0000000080000000,0x0000000081d21bb0,0x0000000086e80000)
 Metaspace       used 64004K, capacity 67042K, committed 67352K, reserved 1107968K
  class space    used 8796K, capacity 9418K, committed 9520K, reserved 1048576K
Event: 22.851 GC heap after
Heap after GC invocations=17 (full 3):
 PSYoungGen      total 219136K, used 14791K [0x00000000d5580000, 0x00000000e4d80000, 0x0000000100000000)
  eden space 204288K, 0% used [0x00000000d5580000,0x00000000d5580000,0x00000000e1d00000)
  from space 14848K, 99% used [0x00000000e3f00000,0x00000000e4d71d70,0x00000000e4d80000)
  to   space 19968K, 0% used [0x00000000e2680000,0x00000000e2680000,0x00000000e3a00000)
 ParOldGen       total 113152K, used 29838K [0x0000000080000000, 0x0000000086e80000, 0x00000000d5580000)
  object space 113152K, 26% used [0x0000000080000000,0x0000000081d23bb0,0x0000000086e80000)
 Metaspace       used 64004K, capacity 67042K, committed 67352K, reserved 1107968K
  class space    used 8796K, capacity 9418K, committed 9520K, reserved 1048576K
}
Event: 35.528 GC heap before
{Heap before GC invocations=18 (full 3):
 PSYoungGen      total 219136K, used 219079K [0x00000000d5580000, 0x00000000e4d80000, 0x0000000100000000)
  eden space 204288K, 100% used [0x00000000d5580000,0x00000000e1d00000,0x00000000e1d00000)
  from space 14848K, 99% used [0x00000000e3f00000,0x00000000e4d71d70,0x00000000e4d80000)
  to   space 19968K, 0% used [0x00000000e2680000,0x00000000e2680000,0x00000000e3a00000)
 ParOldGen       total 113152K, used 29838K [0x0000000080000000, 0x0000000086e80000, 0x00000000d5580000)
  object space 113152K, 26% used [0x0000000080000000,0x0000000081d23bb0,0x0000000086e80000)
 Metaspace       used 70222K, capacity 73452K, committed 73752K, reserved 1112064K
  class space    used 9530K, capacity 10171K, committed 10288K, reserved 1048576K
Event: 35.581 GC heap after
Heap after GC invocations=18 (full 3):
 PSYoungGen      total 233984K, used 19936K [0x00000000d5580000, 0x00000000e7c00000, 0x0000000100000000)
  eden space 214016K, 0% used [0x00000000d5580000,0x00000000d5580000,0x00000000e2680000)
  from space 19968K, 99% used [0x00000000e2680000,0x00000000e39f8358,0x00000000e3a00000)
  to   space 23040K, 0% used [0x00000000e6580000,0x00000000e6580000,0x00000000e7c00000)
 ParOldGen       total 113152K, used 30018K [0x0000000080000000, 0x0000000086e80000, 0x00000000d5580000)
  object space 113152K, 26% used [0x0000000080000000,0x0000000081d50898,0x0000000086e80000)
 Metaspace       used 70222K, capacity 73452K, committed 73752K, reserved 1112064K
  class space    used 9530K, capacity 10171K, committed 10288K, reserved 1048576K
}

Deoptimization events (10 events):
Event: 42.676 Thread 0x000000002262d000 Uncommon trap: reason=unstable_if action=reinterpret pc=0x00000000042969d0 method=java.io.ObjectInputStream.filterCheck(Ljava/lang/Class;I)V @ 4
Event: 42.677 Thread 0x000000002262d000 Uncommon trap: reason=class_check action=maybe_recompile pc=0x0000000004653354 method=java.lang.reflect.Array.newInstance(Ljava/lang/Class;I)Ljava/lang/Object; @ 2
Event: 42.677 Thread 0x000000002262d000 Uncommon trap: reason=unstable_if action=reinterpret pc=0x00000000042f0088 method=java.io.ObjectInputStream.filterCheck(Ljava/lang/Class;I)V @ 4
Event: 44.782 Thread 0x0000000022063000 Uncommon trap: reason=uninitialized action=reinterpret pc=0x00000000042ad74c method=java.io.ObjectInputStream$HandleTable.markDependency(II)V @ 110
Event: 44.783 Thread 0x0000000022063000 Uncommon trap: reason=unstable_if action=reinterpret pc=0x0000000004291324 method=java.io.ObjectInputStream$HandleTable.finish(I)V @ 4
Event: 44.783 Thread 0x0000000022063000 Uncommon trap: reason=uninitialized action=reinterpret pc=0x00000000042e417c method=java.io.ObjectInputStream$HandleTable.markDependency(II)V @ 110
Event: 44.785 Thread 0x0000000022063000 Uncommon trap: reason=uninitialized action=reinterpret pc=0x000000000428fd50 method=java.io.ObjectInputStream$HandleTable.markDependency(II)V @ 110
Event: 44.801 Thread 0x0000000022063000 Uncommon trap: reason=unstable_if action=reinterpret pc=0x0000000003e0c00c method=org.gradle.internal.logging.slf4j.OutputEventListenerBackedLogger.isLevelAtMost(Lorg/gradle/api/logging/LogLevel;)Z @ 11
Event: 44.828 Thread 0x0000000022063000 Uncommon trap: reason=unstable_if action=reinterpret pc=0x0000000002f2eb70 method=org.gradle.internal.logging.text.AbstractLineChoppingStyledTextOutput$2.execute(Lorg/gradle/internal/logging/text/AbstractLineChoppingStyledTextOutput$StateContext;)V @ 30
Event: 44.928 Thread 0x000000001c25e000 Uncommon trap: reason=unstable_if action=reinterpret pc=0x0000000003c40e40 method=com.esotericsoftware.kryo.io.Output.writeUtf8Length(I)V @ 42

Classes redefined (0 events):
No events

Internal exceptions (10 events):
Event: 42.441 Thread 0x0000000022063000 Exception <a 'java/lang/NoSuchMethodError': <clinit>> (0x00000000e18110f0) thrown at [C:\src\AOSP-openjdk-git\hotspot\src\share\vm\prims\jni.cpp, line 1615]
Event: 42.464 Thread 0x0000000022063000 Exception <a 'java/lang/NoSuchMethodError': <clinit>> (0x00000000e182a320) thrown at [C:\src\AOSP-openjdk-git\hotspot\src\share\vm\prims\jni.cpp, line 1615]
Event: 42.469 Thread 0x0000000022063000 Exception <a 'java/lang/NoSuchMethodError': <clinit>> (0x00000000e18504c0) thrown at [C:\src\AOSP-openjdk-git\hotspot\src\share\vm\prims\jni.cpp, line 1615]
Event: 42.491 Thread 0x0000000022630800 Exception <a 'java/lang/InterruptedException'> (0x00000000e18e4768) thrown at [C:\src\AOSP-openjdk-git\hotspot\src\share\vm\runtime\objectMonitor.cpp, line 1680]
Event: 42.515 Thread 0x0000000022063000 Exception <a 'java/lang/NoSuchMethodError': <clinit>> (0x00000000e18a4770) thrown at [C:\src\AOSP-openjdk-git\hotspot\src\share\vm\prims\jni.cpp, line 1615]
Event: 42.516 Thread 0x0000000022063000 Exception <a 'java/lang/NoSuchMethodError': <clinit>> (0x00000000e18b2680) thrown at [C:\src\AOSP-openjdk-git\hotspot\src\share\vm\prims\jni.cpp, line 1615]
Event: 42.520 Thread 0x0000000022063000 Exception <a 'java/lang/NoSuchMethodError': <clinit>> (0x00000000e1914d88) thrown at [C:\src\AOSP-openjdk-git\hotspot\src\share\vm\prims\jni.cpp, line 1615]
Event: 42.534 Thread 0x0000000022063000 Exception <a 'java/lang/NoSuchMethodError': <clinit>> (0x00000000e1949d28) thrown at [C:\src\AOSP-openjdk-git\hotspot\src\share\vm\prims\jni.cpp, line 1615]
Event: 42.582 Thread 0x0000000022063000 Exception <a 'java/lang/NoSuchMethodError': <clinit>> (0x00000000e1aa4248) thrown at [C:\src\AOSP-openjdk-git\hotspot\src\share\vm\prims\jni.cpp, line 1615]
Event: 42.591 Thread 0x0000000022063000 Exception <a 'java/lang/NoSuchMethodError': <clinit>> (0x00000000e1b53c20) thrown at [C:\src\AOSP-openjdk-git\hotspot\src\share\vm\prims\jni.cpp, line 1615]

Events (10 events):
Event: 45.180 loading class org/jetbrains/kotlin/cli/common/messages/MessageRenderer$2 done
Event: 45.181 loading class org/jetbrains/kotlin/cli/common/messages/MessageRenderer$3
Event: 45.181 loading class org/jetbrains/kotlin/cli/common/messages/MessageRenderer$3 done
Event: 45.183 loading class org/jetbrains/kotlin/cli/common/messages/MessageRenderer$4
Event: 45.183 loading class org/jetbrains/kotlin/cli/common/messages/MessageRenderer$4 done
Event: 45.220 loading class org/jetbrains/kotlin/compilerRunner/ReportUtilsKt$runToolInSeparateProcess$readErrThread$1
Event: 45.220 loading class org/jetbrains/kotlin/compilerRunner/ReportUtilsKt$runToolInSeparateProcess$readErrThread$1 done
Event: 45.222 Thread 0x0000000022634800 Thread added: 0x0000000022634800
Event: 45.226 loading class org/jetbrains/kotlin/compilerRunner/ReportUtilsKt$runToolInSeparateProcess$1
Event: 45.226 loading class org/jetbrains/kotlin/compilerRunner/ReportUtilsKt$runToolInSeparateProcess$1 done


Dynamic libraries:
0x00007ff6330d0000 - 0x00007ff633101000 	C:\Program Files\Android\Android Studio\jre\bin\java.exe
0x00007ffd5ab20000 - 0x00007ffd5ad10000 	C:\Windows\SYSTEM32\ntdll.dll
0x00007ffd59cb0000 - 0x00007ffd59d62000 	C:\Windows\System32\KERNEL32.DLL
0x00007ffd580b0000 - 0x00007ffd58355000 	C:\Windows\System32\KERNELBASE.dll
0x00007ffd5aa30000 - 0x00007ffd5aad3000 	C:\Windows\System32\ADVAPI32.dll
0x00007ffd598b0000 - 0x00007ffd5994e000 	C:\Windows\System32\msvcrt.dll
0x00007ffd59c10000 - 0x00007ffd59ca7000 	C:\Windows\System32\sechost.dll
0x00007ffd5a030000 - 0x00007ffd5a150000 	C:\Windows\System32\RPCRT4.dll
0x00007ffd58f10000 - 0x00007ffd590a5000 	C:\Windows\System32\USER32.dll
0x00007ffd57ed0000 - 0x00007ffd57ef1000 	C:\Windows\System32\win32u.dll
0x00007ffd59be0000 - 0x00007ffd59c06000 	C:\Windows\System32\GDI32.dll
0x00007ffd57ad0000 - 0x00007ffd57c66000 	C:\Windows\System32\gdi32full.dll
0x00007ffd583b0000 - 0x00007ffd5844e000 	C:\Windows\System32\msvcp_win.dll
0x00007ffd57f00000 - 0x00007ffd57ffa000 	C:\Windows\System32\ucrtbase.dll
0x00007ffd4e6d0000 - 0x00007ffd4e954000 	C:\Windows\WinSxS\amd64_microsoft.windows.common-controls_6595b64144ccf1df_6.0.18362.1082_none_9e8193e1e45b25c1\COMCTL32.dll
0x00007ffd58bd0000 - 0x00007ffd58f05000 	C:\Windows\System32\combase.dll
0x00007ffd58000000 - 0x00007ffd58080000 	C:\Windows\System32\bcryptPrimitives.dll
0x00007ffd5a150000 - 0x00007ffd5a17e000 	C:\Windows\System32\IMM32.DLL
0x0000000060000000 - 0x00000000600d2000 	C:\Program Files\Android\Android Studio\jre\jre\bin\msvcr100.dll
0x0000000060b50000 - 0x000000006139b000 	C:\Program Files\Android\Android Studio\jre\jre\bin\server\jvm.dll
0x00007ffd5a020000 - 0x00007ffd5a028000 	C:\Windows\System32\PSAPI.DLL
0x00007ffd50b10000 - 0x00007ffd50b19000 	C:\Windows\SYSTEM32\WSOCK32.dll
0x00007ffd59b70000 - 0x00007ffd59bdf000 	C:\Windows\System32\WS2_32.dll
0x00007ffd41a30000 - 0x00007ffd41a54000 	C:\Windows\SYSTEM32\WINMM.dll
0x00007ffd49fe0000 - 0x00007ffd49fea000 	C:\Windows\SYSTEM32\VERSION.dll
0x00007ffd49040000 - 0x00007ffd4906d000 	C:\Windows\SYSTEM32\WINMMBASE.dll
0x00007ffd58360000 - 0x00007ffd583aa000 	C:\Windows\System32\cfgmgr32.dll
0x00007ffd4f430000 - 0x00007ffd4f43f000 	C:\Program Files\Android\Android Studio\jre\jre\bin\verify.dll
0x00007ffd42e60000 - 0x00007ffd42e89000 	C:\Program Files\Android\Android Studio\jre\jre\bin\java.dll
0x00007ffd42fe0000 - 0x00007ffd42ff6000 	C:\Program Files\Android\Android Studio\jre\jre\bin\zip.dll
0x00007ffd5a2c0000 - 0x00007ffd5a9a7000 	C:\Windows\System32\SHELL32.dll
0x00007ffd59750000 - 0x00007ffd597f9000 	C:\Windows\System32\shcore.dll
0x00007ffd58450000 - 0x00007ffd58bd0000 	C:\Windows\System32\windows.storage.dll
0x00007ffd57a80000 - 0x00007ffd57aa3000 	C:\Windows\System32\profapi.dll
0x00007ffd579f0000 - 0x00007ffd57a3a000 	C:\Windows\System32\powrprof.dll
0x00007ffd579e0000 - 0x00007ffd579f0000 	C:\Windows\System32\UMPDC.dll
0x00007ffd59110000 - 0x00007ffd59162000 	C:\Windows\System32\shlwapi.dll
0x00007ffd57a40000 - 0x00007ffd57a51000 	C:\Windows\System32\kernel.appcore.dll
0x00007ffd57ab0000 - 0x00007ffd57ac7000 	C:\Windows\System32\cryptsp.dll
0x00007ffd41ad0000 - 0x00007ffd41aea000 	C:\Program Files\Android\Android Studio\jre\jre\bin\net.dll
0x00007ffd571d0000 - 0x00007ffd57237000 	C:\Windows\system32\mswsock.dll
0x00007ffd40e70000 - 0x00007ffd40e83000 	C:\Program Files\Android\Android Studio\jre\jre\bin\nio.dll
0x00007ffd2d3e0000 - 0x00007ffd2d406000 	C:\Users\Mariem\.gradle\native\31\windows-amd64\native-platform.dll
0x00007ffd4f3a0000 - 0x00007ffd4f3ad000 	C:\Program Files\Android\Android Studio\jre\jre\bin\management.dll
0x00007ffd56d40000 - 0x00007ffd56d73000 	C:\Windows\system32\rsaenh.dll
0x00007ffd58080000 - 0x00007ffd580a6000 	C:\Windows\System32\bcrypt.dll
0x00007ffd57900000 - 0x00007ffd57925000 	C:\Windows\SYSTEM32\USERENV.dll
0x00007ffd573a0000 - 0x00007ffd573ac000 	C:\Windows\SYSTEM32\CRYPTBASE.dll
0x00007ffd56ee0000 - 0x00007ffd56f1a000 	C:\Windows\SYSTEM32\IPHLPAPI.DLL
0x00007ffd59d80000 - 0x00007ffd59d88000 	C:\Windows\System32\NSI.dll
0x00007ffd50980000 - 0x00007ffd50996000 	C:\Windows\SYSTEM32\dhcpcsvc6.DLL
0x00007ffd50be0000 - 0x00007ffd50bfc000 	C:\Windows\SYSTEM32\dhcpcsvc.DLL
0x00007ffd56f20000 - 0x00007ffd56feb000 	C:\Windows\SYSTEM32\DNSAPI.dll
0x00007ffd4cc80000 - 0x00007ffd4cc9e000 	C:\Users\Mariem\AppData\Local\Temp\native-platform8305078857232279688dir\native-platform.dll

VM Arguments:
jvm_args: -Xmx2048m -Dfile.encoding=UTF-8 -Duser.country=FR -Duser.language=fr -Duser.variant 
java_command: org.gradle.launcher.daemon.bootstrap.GradleDaemon 6.1.1
java_class_path (initial): C:\Users\Mariem\.gradle\wrapper\dists\gradle-6.1.1-all\cfmwm155h49vnt3hynmlrsdst\gradle-6.1.1\lib\gradle-launcher-6.1.1.jar
Launcher Type: SUN_STANDARD

Environment Variables:
JAVA_HOME=C:\Program Files\Java\jdk1.8.0_261
PATH=C:\Program Files (x86)\Common Files\Oracle\Java\javapath;C:\Windows\system32;C:\Windows;C:\Windows\System32\Wbem;C:\Windows\System32\WindowsPowerShell\v1.0\;C:\Windows\System32\OpenSSH\;C:\Program Files\Git\cmd;C:\Program Files\Java\jdk1.8.0_261;C:\Program Files\apache-maven-3.6.3\bin;C:\Users\Mariem\AppData\Local\Microsoft\WindowsApps;
USERNAME=Mariem
OS=Windows_NT
PROCESSOR_IDENTIFIER=AMD64 Family 23 Model 24 Stepping 1, AuthenticAMD



---------------  S Y S T E M  ---------------

OS: Windows 10.0 , 64 bit Build 18362 (10.0.18362.1082)

CPU:total 8 (initial active 8) (8 cores per cpu, 1 threads per core) family 23 model 24 stepping 1, cmov, cx8, fxsr, mmx, sse, sse2, sse3, ssse3, sse4.1, sse4.2, popcnt, avx, avx2, aes, clmul, mmxext, 3dnowpref, lzcnt, sse4a, tsc, tscinvbit, tscinv, bmi1

Memory: 4k page, physical 7275532k(238736k free), swap 23004168k(176k free)

vm_info: OpenJDK 64-Bit Server VM (25.242-b01) for windows-amd64 JRE (1.8.0_242-release-1644-b01), built by "builder" with MS VC++ 10.0 (VS2010)

time: Sat Oct 17 17:36:50 2020
timezone: Paris, Madrid (heure d’été)
elapsed time: 45 seconds (0d 0h 0m 45s)

