#
# There is insufficient memory for the Java Runtime Environment to continue.
# Native memory allocation (malloc) failed to allocate 328016 bytes for Chunk::new
# Possible reasons:
#   The system is out of physical RAM or swap space
#   The process is running with CompressedOops enabled, and the Java Heap may be blocking the growth of the native heap
# Possible solutions:
#   Reduce memory load on the system
#   Increase physical memory or swap space
#   Check if swap backing store is full
#   Decrease Java heap size (-Xmx/-Xms)
#   Decrease number of Java threads
#   Decrease Java thread stack sizes (-Xss)
#   Set larger code cache with -XX:ReservedCodeCacheSize=
#   JVM is running with Unscaled Compressed Oops mode in which the Java heap is
#     placed in the first 4GB address space. The Java Heap base address is the
#     maximum limit for the native heap growth. Please use -XX:HeapBaseMinAddress
#     to set the Java Heap base and to place the Java Heap above 4GB virtual address.
# This output file may be truncated or incomplete.
#
#  Out of Memory Error (allocation.cpp:389), pid=6224, tid=0x0000000000003298
#
# JRE version: OpenJDK Runtime Environment (8.0_242-b01) (build 1.8.0_242-release-1644-b01)
# Java VM: OpenJDK 64-Bit Server VM (25.242-b01 mixed mode windows-amd64 compressed oops)
# Failed to write core dump. Minidumps are not enabled by default on client versions of Windows
#

---------------  T H R E A D  ---------------

Current thread (0x0000000016fdb000):  JavaThread "C2 CompilerThread1" daemon [_thread_in_native, id=12952, stack(0x00000000197d0000,0x00000000198d0000)]

Stack: [0x00000000197d0000,0x00000000198d0000]
[error occurred during error reporting (printing stack bounds), id 0xc0000005]

Native frames: (J=compiled Java code, j=interpreted, Vv=VM code, C=native code)


Current CompileTask:
C2:   9038 5333       4       org.jetbrains.kotlin.load.java.lazy.descriptors.JvmPackageScope::getContributedClassifier (148 bytes)


---------------  P R O C E S S  ---------------

Java Threads: ( => current thread )
  0x0000000018e80800 JavaThread "Service Thread" daemon [_thread_blocked, id=35456, stack(0x0000000019ad0000,0x0000000019bd0000)]
  0x0000000018dfb800 JavaThread "C1 CompilerThread3" daemon [_thread_in_vm, id=32508, stack(0x00000000199d0000,0x0000000019ad0000)]
  0x0000000018dec000 JavaThread "C2 CompilerThread2" daemon [_thread_in_native, id=26580, stack(0x00000000198d0000,0x00000000199d0000)]
=>0x0000000016fdb000 JavaThread "C2 CompilerThread1" daemon [_thread_in_native, id=12952, stack(0x00000000197d0000,0x00000000198d0000)]
  0x0000000018de4800 JavaThread "C2 CompilerThread0" daemon [_thread_blocked, id=8236, stack(0x00000000196d0000,0x00000000197d0000)]
  0x0000000018de3800 JavaThread "Attach Listener" daemon [_thread_blocked, id=31220, stack(0x00000000195d0000,0x00000000196d0000)]
  0x0000000018de1800 JavaThread "Signal Dispatcher" daemon [_thread_blocked, id=17796, stack(0x00000000194d0000,0x00000000195d0000)]
  0x000000000292e000 JavaThread "Finalizer" daemon [_thread_blocked, id=31184, stack(0x00000000192b0000,0x00000000193b0000)]
  0x0000000002927000 JavaThread "Reference Handler" daemon [_thread_blocked, id=9376, stack(0x00000000191b0000,0x00000000192b0000)]
  0x000000000268e000 JavaThread "main" [_thread_in_Java, id=2152, stack(0x0000000002690000,0x0000000002790000)]

Other Threads:
  0x0000000016fc6800 VMThread [stack: 0x0000000018cb0000,0x0000000018db0000] [id=16372]
  0x0000000018e89800 WatcherThread [stack: 0x0000000019bd0000,0x0000000019cd0000] [id=34264]

VM state:not at safepoint (normal execution)

VM Mutex/Monitor currently owned by a thread: None

heap address: 0x0000000090e00000, size: 1778 MB, Compressed Oops mode: 32-bit
Narrow klass base: 0x0000000000000000, Narrow klass shift: 3
Compressed class space size: 1073741824 Address: 0x0000000100000000

Heap:
 PSYoungGen      total 91136K, used 75606K [0x00000000daf80000, 0x00000000e1d80000, 0x0000000100000000)
  eden space 75776K, 79% used [0x00000000daf80000,0x00000000dea5adc0,0x00000000df980000)
  from space 15360K, 99% used [0x00000000e0b00000,0x00000000e19fabb8,0x00000000e1a00000)
  to   space 17920K, 0% used [0x00000000df980000,0x00000000df980000,0x00000000e0b00000)
 ParOldGen       total 65024K, used 19060K [0x0000000090e00000, 0x0000000094d80000, 0x00000000daf80000)
  object space 65024K, 29% used [0x0000000090e00000,0x000000009209d3d0,0x0000000094d80000)
 Metaspace       used 50687K, capacity 51518K, committed 51888K, reserved 1095680K
  class space    used 6088K, capacity 6296K, committed 6320K, reserved 1048576K

Card table byte_map: [0x0000000011cf0000,0x0000000012070000] byte_map_base: 0x0000000011869000

Marking Bits: (ParMarkBitMap*) 0x000000006131f030
 Begin Bits: [0x0000000012ad0000, 0x0000000014698000)
 End Bits:   [0x0000000014698000, 0x0000000016260000)

Polling page: 0x0000000002790000

CodeCache: size=245760Kb used=18318Kb max_used=18836Kb free=227441Kb
 bounds [0x0000000002930000, 0x0000000003bb0000, 0x0000000011930000]
 total_blobs=5459 nmethods=4949 adapters=423
 compilation: enabled

Compilation events (10 events):
Event: 9.013 Thread 0x0000000018de4800 5342       4       org.jetbrains.kotlin.resolve.MemberComparator::compare (13 bytes)
Event: 9.014 Thread 0x0000000018de4800 nmethod 5342 0x0000000002b8ef90 code [0x0000000002b8f0e0, 0x0000000002b8f228]
Event: 9.014 Thread 0x0000000018de4800 5344       4       org.jetbrains.kotlin.resolve.MemberComparator$NameAndTypeMemberComparator::compareInternal (65 bytes)
Event: 9.021 Thread 0x0000000018dfb800 5346       3       org.jetbrains.org.objectweb.asm.ByteVector::putByte (39 bytes)
Event: 9.021 Thread 0x0000000018dfb800 nmethod 5346 0x0000000002a6cf10 code [0x0000000002a6d080, 0x0000000002a6d2a8]
Event: 9.021 Thread 0x0000000018dfb800 5347       3       org.jetbrains.org.objectweb.asm.ByteVector::putShort (52 bytes)
Event: 9.022 Thread 0x0000000018dfb800 nmethod 5347 0x0000000002a6c9d0 code [0x0000000002a6cb40, 0x0000000002a6cd88]
Event: 9.024 Thread 0x0000000018de4800 nmethod 5344 0x0000000002d2be90 code [0x0000000002d2c080, 0x0000000002d2cb18]
Event: 9.032 Thread 0x0000000018dfb800 5348       3       org.jetbrains.kotlin.com.intellij.util.text.ImmutableText$Leaf8BitNode::length (6 bytes)
Event: 9.032 Thread 0x0000000018dfb800 nmethod 5348 0x0000000002b57d10 code [0x0000000002b57e60, 0x0000000002b57fb0]

GC Heap History (10 events):
Event: 4.103 GC heap before
{Heap before GC invocations=6 (full 1):
 PSYoungGen      total 45056K, used 45036K [0x00000000daf80000, 0x00000000df080000, 0x0000000100000000)
  eden space 40448K, 100% used [0x00000000daf80000,0x00000000dd700000,0x00000000dd700000)
  from space 4608K, 99% used [0x00000000dec00000,0x00000000df07b230,0x00000000df080000)
  to   space 4608K, 0% used [0x00000000de780000,0x00000000de780000,0x00000000dec00000)
 ParOldGen       total 65024K, used 12421K [0x0000000090e00000, 0x0000000094d80000, 0x00000000daf80000)
  object space 65024K, 19% used [0x0000000090e00000,0x0000000091a21498,0x0000000094d80000)
 Metaspace       used 31560K, capacity 32106K, committed 32432K, reserved 1077248K
  class space    used 3988K, capacity 4153K, committed 4272K, reserved 1048576K
Event: 4.123 GC heap after
Heap after GC invocations=6 (full 1):
 PSYoungGen      total 61952K, used 4579K [0x00000000daf80000, 0x00000000e0700000, 0x0000000100000000)
  eden space 57344K, 0% used [0x00000000daf80000,0x00000000daf80000,0x00000000de780000)
  from space 4608K, 99% used [0x00000000de780000,0x00000000debf8c70,0x00000000dec00000)
  to   space 15872K, 0% used [0x00000000df780000,0x00000000df780000,0x00000000e0700000)
 ParOldGen       total 65024K, used 22960K [0x0000000090e00000, 0x0000000094d80000, 0x00000000daf80000)
  object space 65024K, 35% used [0x0000000090e00000,0x000000009246c130,0x0000000094d80000)
 Metaspace       used 31560K, capacity 32106K, committed 32432K, reserved 1077248K
  class space    used 3988K, capacity 4153K, committed 4272K, reserved 1048576K
}
Event: 4.634 GC heap before
{Heap before GC invocations=7 (full 1):
 PSYoungGen      total 61952K, used 21670K [0x00000000daf80000, 0x00000000e0700000, 0x0000000100000000)
  eden space 57344K, 29% used [0x00000000daf80000,0x00000000dc030ee0,0x00000000de780000)
  from space 4608K, 99% used [0x00000000de780000,0x00000000debf8c70,0x00000000dec00000)
  to   space 15872K, 0% used [0x00000000df780000,0x00000000df780000,0x00000000e0700000)
 ParOldGen       total 65024K, used 22960K [0x0000000090e00000, 0x0000000094d80000, 0x00000000daf80000)
  object space 65024K, 35% used [0x0000000090e00000,0x000000009246c130,0x0000000094d80000)
 Metaspace       used 34650K, capacity 35194K, committed 35496K, reserved 1081344K
  class space    used 4428K, capacity 4579K, committed 4656K, reserved 1048576K
Event: 4.647 GC heap after
Heap after GC invocations=7 (full 1):
 PSYoungGen      total 74240K, used 8813K [0x00000000daf80000, 0x00000000e1e80000, 0x0000000100000000)
  eden space 58368K, 0% used [0x00000000daf80000,0x00000000daf80000,0x00000000de880000)
  from space 15872K, 55% used [0x00000000df780000,0x00000000e001b7d0,0x00000000e0700000)
  to   space 15360K, 0% used [0x00000000de880000,0x00000000de880000,0x00000000df780000)
 ParOldGen       total 65024K, used 22968K [0x0000000090e00000, 0x0000000094d80000, 0x00000000daf80000)
  object space 65024K, 35% used [0x0000000090e00000,0x000000009246e130,0x0000000094d80000)
 Metaspace       used 34650K, capacity 35194K, committed 35496K, reserved 1081344K
  class space    used 4428K, capacity 4579K, committed 4656K, reserved 1048576K
}
Event: 4.647 GC heap before
{Heap before GC invocations=8 (full 2):
 PSYoungGen      total 74240K, used 8813K [0x00000000daf80000, 0x00000000e1e80000, 0x0000000100000000)
  eden space 58368K, 0% used [0x00000000daf80000,0x00000000daf80000,0x00000000de880000)
  from space 15872K, 55% used [0x00000000df780000,0x00000000e001b7d0,0x00000000e0700000)
  to   space 15360K, 0% used [0x00000000de880000,0x00000000de880000,0x00000000df780000)
 ParOldGen       total 65024K, used 22968K [0x0000000090e00000, 0x0000000094d80000, 0x00000000daf80000)
  object space 65024K, 35% used [0x0000000090e00000,0x000000009246e130,0x0000000094d80000)
 Metaspace       used 34650K, capacity 35194K, committed 35496K, reserved 1081344K
  class space    used 4428K, capacity 4579K, committed 4656K, reserved 1048576K
Event: 4.743 GC heap after
Heap after GC invocations=8 (full 2):
 PSYoungGen      total 74240K, used 0K [0x00000000daf80000, 0x00000000e1e80000, 0x0000000100000000)
  eden space 58368K, 0% used [0x00000000daf80000,0x00000000daf80000,0x00000000de880000)
  from space 15872K, 0% used [0x00000000df780000,0x00000000df780000,0x00000000e0700000)
  to   space 15360K, 0% used [0x00000000de880000,0x00000000de880000,0x00000000df780000)
 ParOldGen       total 65024K, used 17031K [0x0000000090e00000, 0x0000000094d80000, 0x00000000daf80000)
  object space 65024K, 26% used [0x0000000090e00000,0x0000000091ea1cd0,0x0000000094d80000)
 Metaspace       used 34650K, capacity 35194K, committed 35496K, reserved 1081344K
  class space    used 4428K, capacity 4579K, committed 4656K, reserved 1048576K
}
Event: 5.721 GC heap before
{Heap before GC invocations=9 (full 2):
 PSYoungGen      total 74240K, used 58368K [0x00000000daf80000, 0x00000000e1e80000, 0x0000000100000000)
  eden space 58368K, 100% used [0x00000000daf80000,0x00000000de880000,0x00000000de880000)
  from space 15872K, 0% used [0x00000000df780000,0x00000000df780000,0x00000000e0700000)
  to   space 15360K, 0% used [0x00000000de880000,0x00000000de880000,0x00000000df780000)
 ParOldGen       total 65024K, used 17031K [0x0000000090e00000, 0x0000000094d80000, 0x00000000daf80000)
  object space 65024K, 26% used [0x0000000090e00000,0x0000000091ea1cd0,0x0000000094d80000)
 Metaspace       used 39430K, capacity 40070K, committed 40496K, reserved 1085440K
  class space    used 4958K, capacity 5124K, committed 5168K, reserved 1048576K
Event: 5.732 GC heap after
Heap after GC invocations=9 (full 2):
 PSYoungGen      total 73728K, used 11012K [0x00000000daf80000, 0x00000000e1a00000, 0x0000000100000000)
  eden space 58368K, 0% used [0x00000000daf80000,0x00000000daf80000,0x00000000de880000)
  from space 15360K, 71% used [0x00000000de880000,0x00000000df341228,0x00000000df780000)
  to   space 15360K, 0% used [0x00000000e0b00000,0x00000000e0b00000,0x00000000e1a00000)
 ParOldGen       total 65024K, used 17039K [0x0000000090e00000, 0x0000000094d80000, 0x00000000daf80000)
  object space 65024K, 26% used [0x0000000090e00000,0x0000000091ea3cd0,0x0000000094d80000)
 Metaspace       used 39430K, capacity 40070K, committed 40496K, reserved 1085440K
  class space    used 4958K, capacity 5124K, committed 5168K, reserved 1048576K
}
Event: 7.516 GC heap before
{Heap before GC invocations=10 (full 2):
 PSYoungGen      total 73728K, used 69380K [0x00000000daf80000, 0x00000000e1a00000, 0x0000000100000000)
  eden space 58368K, 100% used [0x00000000daf80000,0x00000000de880000,0x00000000de880000)
  from space 15360K, 71% used [0x00000000de880000,0x00000000df341228,0x00000000df780000)
  to   space 15360K, 0% used [0x00000000e0b00000,0x00000000e0b00000,0x00000000e1a00000)
 ParOldGen       total 65024K, used 17039K [0x0000000090e00000, 0x0000000094d80000, 0x00000000daf80000)
  object space 65024K, 26% used [0x0000000090e00000,0x0000000091ea3cd0,0x0000000094d80000)
 Metaspace       used 41927K, capacity 42590K, committed 42928K, reserved 1087488K
  class space    used 5107K, capacity 5270K, committed 5296K, reserved 1048576K
Event: 7.532 GC heap after
Heap after GC invocations=10 (full 2):
 PSYoungGen      total 91136K, used 15338K [0x00000000daf80000, 0x00000000e1d80000, 0x0000000100000000)
  eden space 75776K, 0% used [0x00000000daf80000,0x00000000daf80000,0x00000000df980000)
  from space 15360K, 99% used [0x00000000e0b00000,0x00000000e19fabb8,0x00000000e1a00000)
  to   space 17920K, 0% used [0x00000000df980000,0x00000000df980000,0x00000000e0b00000)
 ParOldGen       total 65024K, used 19060K [0x0000000090e00000, 0x0000000094d80000, 0x00000000daf80000)
  object space 65024K, 29% used [0x0000000090e00000,0x000000009209d3d0,0x0000000094d80000)
 Metaspace       used 41927K, capacity 42590K, committed 42928K, reserved 1087488K
  class space    used 5107K, capacity 5270K, committed 5296K, reserved 1048576K
}

Deoptimization events (10 events):
Event: 8.948 Thread 0x000000000268e000 Uncommon trap: reason=bimorphic action=maybe_recompile pc=0x00000000035c224c method=kotlin.collections.CollectionsKt___CollectionsKt.toList(Ljava/lang/Iterable;)Ljava/util/List; @ 71
Event: 8.953 Thread 0x000000000268e000 Uncommon trap: reason=unstable_if action=reinterpret pc=0x0000000003513ce4 method=org.jetbrains.kotlin.protobuf.SmallSortedMap.entrySet()Ljava/util/Set; @ 4
Event: 8.953 Thread 0x000000000268e000 Uncommon trap: reason=unstable_if action=reinterpret pc=0x0000000003aedbb4 method=org.jetbrains.kotlin.protobuf.SmallSortedMap.entrySet()Ljava/util/Set; @ 4
Event: 8.956 Thread 0x000000000268e000 Uncommon trap: reason=class_check action=maybe_recompile pc=0x00000000037f2e44 method=org.jetbrains.kotlin.storage.LockBasedStorageManager$MapBasedMemoizedFunction.invoke(Ljava/lang/Object;)Ljava/lang/Object; @ 34
Event: 8.973 Thread 0x000000000268e000 Uncommon trap: reason=unstable_if action=reinterpret pc=0x0000000002a41b14 method=java.util.HashMap.hash(Ljava/lang/Object;)I @ 1
Event: 8.973 Thread 0x000000000268e000 Uncommon trap: reason=unstable_if action=reinterpret pc=0x0000000002a52528 method=java.util.HashMap.hash(Ljava/lang/Object;)I @ 1
Event: 8.974 Thread 0x000000000268e000 Uncommon trap: reason=class_check action=maybe_recompile pc=0x00000000037f2e44 method=org.jetbrains.kotlin.storage.LockBasedStorageManager$MapBasedMemoizedFunction.invoke(Ljava/lang/Object;)Ljava/lang/Object; @ 34
Event: 8.996 Thread 0x000000000268e000 Uncommon trap: reason=class_check action=maybe_recompile pc=0x0000000003ab9bb8 method=org.jetbrains.kotlin.serialization.deserialization.descriptors.DeserializedMemberScope.getContributedClassifier(Lorg/jetbrains/kotlin/name/Name;Lorg/jetbrains/kotlin/inc
Event: 8.996 Thread 0x000000000268e000 Uncommon trap: reason=class_check action=maybe_recompile pc=0x0000000003ab9bb8 method=org.jetbrains.kotlin.serialization.deserialization.descriptors.DeserializedMemberScope.getContributedClassifier(Lorg/jetbrains/kotlin/name/Name;Lorg/jetbrains/kotlin/inc
Event: 9.003 Thread 0x000000000268e000 Uncommon trap: reason=bimorphic action=maybe_recompile pc=0x00000000035c224c method=kotlin.collections.CollectionsKt___CollectionsKt.toList(Ljava/lang/Iterable;)Ljava/util/List; @ 71

Classes redefined (0 events):
No events

Internal exceptions (10 events):
Event: 8.107 Thread 0x000000000268e000 Implicit null exception at 0x00000000033b73cc to 0x00000000033b74a9
Event: 8.223 Thread 0x000000000268e000 Implicit null exception at 0x0000000002b8d495 to 0x0000000002b8d669
Event: 8.223 Thread 0x000000000268e000 Implicit null exception at 0x0000000002bb31ef to 0x0000000002bb3259
Event: 8.231 Thread 0x000000000268e000 Implicit null exception at 0x00000000039aa902 to 0x00000000039aadf5
Event: 8.231 Thread 0x000000000268e000 Implicit null exception at 0x000000000331d586 to 0x000000000331da0d
Event: 8.231 Thread 0x000000000268e000 Implicit null exception at 0x00000000030f294c to 0x00000000030f29a6
Event: 8.283 Thread 0x000000000268e000 Implicit null exception at 0x000000000385ead4 to 0x000000000385ed86
Event: 8.817 Thread 0x000000000268e000 Exception <a 'java/lang/NoSuchMethodError': java.lang.Object.lambda$static$0(Lorg/jetbrains/kotlin/descriptors/ValueParameterDescriptor;Lorg/jetbrains/kotlin/codegen/ExpressionCodegen;)Lorg/jetbrains/kotlin/codegen/StackValue;> (0x00000000de0c4978) thrown
Event: 8.973 Thread 0x000000000268e000 Implicit null exception at 0x0000000002a416b1 to 0x0000000002a41afd
Event: 8.973 Thread 0x000000000268e000 Implicit null exception at 0x0000000002a52315 to 0x0000000002a52519

Events (10 events):
Event: 9.032 loading class org/jetbrains/kotlin/cli/common/CodeGenerationMeasurement
Event: 9.032 loading class org/jetbrains/kotlin/cli/common/CodeGenerationMeasurement done
Event: 9.032 loading class org/jetbrains/kotlin/asJava/FilteredJvmDiagnostics
Event: 9.032 loading class org/jetbrains/kotlin/asJava/FilteredJvmDiagnostics done
Event: 9.034 loading class org/jetbrains/kotlin/asJava/FilteredJvmDiagnostics$Companion
Event: 9.034 loading class org/jetbrains/kotlin/asJava/FilteredJvmDiagnostics$Companion done
Event: 9.035 loading class org/jetbrains/kotlin/codegen/state/BuilderFactoryForDuplicateSignatureDiagnosticsKt
Event: 9.035 loading class org/jetbrains/kotlin/codegen/state/BuilderFactoryForDuplicateSignatureDiagnosticsKt done
Event: 9.036 loading class org/jetbrains/kotlin/codegen/state/BuilderFactoryForDuplicateSignatureDiagnostics$groupMembersDescriptorsBySignature$1
Event: 9.036 loading class org/jetbrains/kotlin/codegen/state/BuilderFactoryForDuplicateSignatureDiagnostics$groupMembersDescriptorsBySignature$1 done


Dynamic libraries:
0x00007ff63b2e0000 - 0x00007ff63b311000 	C:\Program Files\Android\Android Studio\jre\jre\bin\java.exe
0x00007ffd5ab20000 - 0x00007ffd5ad10000 	C:\Windows\SYSTEM32\ntdll.dll
0x00007ffd59cb0000 - 0x00007ffd59d62000 	C:\Windows\System32\KERNEL32.DLL
0x00007ffd580b0000 - 0x00007ffd58355000 	C:\Windows\System32\KERNELBASE.dll
0x00007ffd5aa30000 - 0x00007ffd5aad3000 	C:\Windows\System32\ADVAPI32.dll
0x00007ffd598b0000 - 0x00007ffd5994e000 	C:\Windows\System32\msvcrt.dll
0x00007ffd59c10000 - 0x00007ffd59ca7000 	C:\Windows\System32\sechost.dll
0x00007ffd5a030000 - 0x00007ffd5a150000 	C:\Windows\System32\RPCRT4.dll
0x00007ffd58f10000 - 0x00007ffd590a5000 	C:\Windows\System32\USER32.dll
0x00007ffd57ed0000 - 0x00007ffd57ef1000 	C:\Windows\System32\win32u.dll
0x00007ffd59be0000 - 0x00007ffd59c06000 	C:\Windows\System32\GDI32.dll
0x00007ffd57ad0000 - 0x00007ffd57c66000 	C:\Windows\System32\gdi32full.dll
0x00007ffd583b0000 - 0x00007ffd5844e000 	C:\Windows\System32\msvcp_win.dll
0x00007ffd57f00000 - 0x00007ffd57ffa000 	C:\Windows\System32\ucrtbase.dll
0x00007ffd4e6d0000 - 0x00007ffd4e954000 	C:\Windows\WinSxS\amd64_microsoft.windows.common-controls_6595b64144ccf1df_6.0.18362.1082_none_9e8193e1e45b25c1\COMCTL32.dll
0x00007ffd58bd0000 - 0x00007ffd58f05000 	C:\Windows\System32\combase.dll
0x00007ffd58000000 - 0x00007ffd58080000 	C:\Windows\System32\bcryptPrimitives.dll
0x00007ffd5a150000 - 0x00007ffd5a17e000 	C:\Windows\System32\IMM32.DLL
0x0000000060990000 - 0x0000000060a62000 	C:\Program Files\Android\Android Studio\jre\jre\bin\msvcr100.dll
0x0000000060b50000 - 0x000000006139b000 	C:\Program Files\Android\Android Studio\jre\jre\bin\server\jvm.dll
0x00007ffd5a020000 - 0x00007ffd5a028000 	C:\Windows\System32\PSAPI.DLL
0x00007ffd50b10000 - 0x00007ffd50b19000 	C:\Windows\SYSTEM32\WSOCK32.dll
0x00007ffd49fe0000 - 0x00007ffd49fea000 	C:\Windows\SYSTEM32\VERSION.dll
0x00007ffd59b70000 - 0x00007ffd59bdf000 	C:\Windows\System32\WS2_32.dll
0x00007ffd41a30000 - 0x00007ffd41a54000 	C:\Windows\SYSTEM32\WINMM.dll
0x00007ffd49040000 - 0x00007ffd4906d000 	C:\Windows\SYSTEM32\winmmbase.dll
0x00007ffd58360000 - 0x00007ffd583aa000 	C:\Windows\System32\cfgmgr32.dll
0x00007ffd4f430000 - 0x00007ffd4f43f000 	C:\Program Files\Android\Android Studio\jre\jre\bin\verify.dll
0x00007ffd42e60000 - 0x00007ffd42e89000 	C:\Program Files\Android\Android Studio\jre\jre\bin\java.dll
0x00007ffd42fe0000 - 0x00007ffd42ff6000 	C:\Program Files\Android\Android Studio\jre\jre\bin\zip.dll
0x00007ffd5a2c0000 - 0x00007ffd5a9a7000 	C:\Windows\System32\SHELL32.dll
0x00007ffd59750000 - 0x00007ffd597f9000 	C:\Windows\System32\shcore.dll
0x00007ffd58450000 - 0x00007ffd58bd0000 	C:\Windows\System32\windows.storage.dll
0x00007ffd57a80000 - 0x00007ffd57aa3000 	C:\Windows\System32\profapi.dll
0x00007ffd579f0000 - 0x00007ffd57a3a000 	C:\Windows\System32\powrprof.dll
0x00007ffd579e0000 - 0x00007ffd579f0000 	C:\Windows\System32\UMPDC.dll
0x00007ffd59110000 - 0x00007ffd59162000 	C:\Windows\System32\shlwapi.dll
0x00007ffd57a40000 - 0x00007ffd57a51000 	C:\Windows\System32\kernel.appcore.dll
0x00007ffd57ab0000 - 0x00007ffd57ac7000 	C:\Windows\System32\cryptsp.dll
0x00007ffd41ad0000 - 0x00007ffd41aea000 	C:\Program Files\Android\Android Studio\jre\jre\bin\net.dll
0x00007ffd571d0000 - 0x00007ffd57237000 	C:\Windows\system32\mswsock.dll
0x00007ffd40e70000 - 0x00007ffd40e83000 	C:\Program Files\Android\Android Studio\jre\jre\bin\nio.dll

VM Arguments:
java_command: org.jetbrains.kotlin.cli.jvm.K2JVMCompiler @D:\workspace\AndroidStudioProjects\NetworkLR-old\app\build\20201017_8414791509167837563.compiler.options
java_class_path (initial): C:\Users\Mariem\.gradle\caches\modules-2\files-2.1\org.jetbrains.kotlin\kotlin-compiler-embeddable\1.4.0\e5f0d669a77787ccbccd49c71b57bfd7b35faec4\kotlin-compiler-embeddable-1.4.0.jar;C:\Users\Mariem\.gradle\caches\modules-2\files-2.1\org.jetbrains.kotlin\kotlin-reflect\1.4.0\aa2101a19d8688e368ae6e35e8967550ced73884\kotlin-reflect-1.4.0.jar;C:\Users\Mariem\.gradle\caches\modules-2\files-2.1\org.jetbrains.kotlin\kotlin-stdlib\1.4.0\63e75298e93d4ae0b299bb869cf0c627196f8843\kotlin-stdlib-1.4.0.jar;C:\Users\Mariem\.gradle\caches\modules-2\files-2.1\org.jetbrains.kotlin\kotlin-script-runtime\1.4.0\52ac54a56c9121f54fcca387c5a0f441d1af9be8\kotlin-script-runtime-1.4.0.jar;C:\Users\Mariem\.gradle\caches\modules-2\files-2.1\org.jetbrains.kotlin\kotlin-daemon-embeddable\1.4.0\633873c93bba12bcf764e1cf8fb36baa5501b8ff\kotlin-daemon-embeddable-1.4.0.jar;C:\Users\Mariem\.gradle\caches\modules-2\files-2.1\org.jetbrains.intellij.deps\trove4j\1.0.20181211\216c2e14b070f334479d800987affe4054cd563f\trove4j-1.0.20181211.jar;C:\Users\Mariem\.gradle\caches\modules-2\files-2.1\org.jetbrains.kotlin\kotlin-stdlib-common\1.4.0\1c752cce0ead8d504ccc88a4fed6471fd83ab0dd\kotlin-stdlib-common-1.4.0.jar;C:\Users\Mariem\.gradle\caches\modules-2\files-2.1\org.jetbrains\annotations\13.0\919f0dfe192fb4e063e7dacadee7f8bb9a2672a9\annotations-13.0.jar;C:\Program Files\Android\Android Studio\jre\lib\tools.jar
Launcher Type: SUN_STANDARD

Environment Variables:
JAVA_HOME=C:\Program Files\Java\jdk1.8.0_261
PATH=C:\Program Files (x86)\Common Files\Oracle\Java\javapath;C:\Windows\system32;C:\Windows;C:\Windows\System32\Wbem;C:\Windows\System32\WindowsPowerShell\v1.0\;C:\Windows\System32\OpenSSH\;C:\Program Files\Git\cmd;C:\Program Files\Java\jdk1.8.0_261;C:\Program Files\apache-maven-3.6.3\bin;C:\Users\Mariem\AppData\Local\Microsoft\WindowsApps;
USERNAME=Mariem
OS=Windows_NT
PROCESSOR_IDENTIFIER=AMD64 Family 23 Model 24 Stepping 1, AuthenticAMD



---------------  S Y S T E M  ---------------

OS: Windows 10.0 , 64 bit Build 18362 (10.0.18362.1082)

CPU:total 8 (initial active 8) (8 cores per cpu, 1 threads per core) family 23 model 24 stepping 1, cmov, cx8, fxsr, mmx, sse, sse2, sse3, ssse3, sse4.1, sse4.2, popcnt, avx, avx2, aes, clmul, mmxext, 3dnowpref, lzcnt, sse4a, tsc, tscinvbit, tscinv, bmi1

Memory: 4k page, physical 7275532k(456660k free), swap 23004168k(3888k free)

vm_info: OpenJDK 64-Bit Server VM (25.242-b01) for windows-amd64 JRE (1.8.0_242-release-1644-b01), built by "builder" with MS VC++ 10.0 (VS2010)

time: Sat Oct 17 17:41:30 2020
timezone: Paris, Madrid (heure d’été)
elapsed time: 9 seconds (0d 0h 0m 9s)

